The system is: Linux - 5.8.0-59-generic - x86_64
Compiling the C compiler identification source file "CMakeCCompilerId.c" succeeded.
Compiler: /usr/bin/gcc-10 
Build flags: 
Id flags:  

The output was:
0


Compilation of the C compiler identification source "CMakeCCompilerId.c" produced "a.out"

The C compiler identification is GNU, found in "/home/vcamp/Vectrocamp/vectorscan/build-avx512/CMakeFiles/3.16.3/CompilerIdC/a.out"

Compiling the CXX compiler identification source file "CMakeCXXCompilerId.cpp" succeeded.
Compiler: /usr/bin/g++-10 
Build flags: 
Id flags:  

The output was:
0


Compilation of the CXX compiler identification source "CMakeCXXCompilerId.cpp" produced "a.out"

The CXX compiler identification is GNU, found in "/home/vcamp/Vectrocamp/vectorscan/build-avx512/CMakeFiles/3.16.3/CompilerIdCXX/a.out"

Determining if the C compiler works passed with the following output:
Change Dir: /home/vcamp/Vectrocamp/vectorscan/build-avx512/CMakeFiles/CMakeTmp

Run Build Command(s):/usr/bin/make cmTC_fb970/fast && /usr/bin/make -f CMakeFiles/cmTC_fb970.dir/build.make CMakeFiles/cmTC_fb970.dir/build
make[1]: Entering directory '/home/vcamp/Vectrocamp/vectorscan/build-avx512/CMakeFiles/CMakeTmp'
Building C object CMakeFiles/cmTC_fb970.dir/testCCompiler.c.o
/usr/bin/gcc-10    -o CMakeFiles/cmTC_fb970.dir/testCCompiler.c.o   -c /home/vcamp/Vectrocamp/vectorscan/build-avx512/CMakeFiles/CMakeTmp/testCCompiler.c
Linking C executable cmTC_fb970
/usr/bin/cmake -E cmake_link_script CMakeFiles/cmTC_fb970.dir/link.txt --verbose=1
/usr/bin/gcc-10      -rdynamic CMakeFiles/cmTC_fb970.dir/testCCompiler.c.o  -o cmTC_fb970 
make[1]: Leaving directory '/home/vcamp/Vectrocamp/vectorscan/build-avx512/CMakeFiles/CMakeTmp'



Detecting C compiler ABI info compiled with the following output:
Change Dir: /home/vcamp/Vectrocamp/vectorscan/build-avx512/CMakeFiles/CMakeTmp

Run Build Command(s):/usr/bin/make cmTC_dc2c8/fast && /usr/bin/make -f CMakeFiles/cmTC_dc2c8.dir/build.make CMakeFiles/cmTC_dc2c8.dir/build
make[1]: Entering directory '/home/vcamp/Vectrocamp/vectorscan/build-avx512/CMakeFiles/CMakeTmp'
Building C object CMakeFiles/cmTC_dc2c8.dir/CMakeCCompilerABI.c.o
/usr/bin/gcc-10   -v -o CMakeFiles/cmTC_dc2c8.dir/CMakeCCompilerABI.c.o   -c /usr/share/cmake-3.16/Modules/CMakeCCompilerABI.c
Using built-in specs.
COLLECT_GCC=/usr/bin/gcc-10
OFFLOAD_TARGET_NAMES=nvptx-none:amdgcn-amdhsa:hsa
OFFLOAD_TARGET_DEFAULT=1
Target: x86_64-linux-gnu
Configured with: ../src/configure -v --with-pkgversion='Ubuntu 10.3.0-1ubuntu1~20.04' --with-bugurl=file:///usr/share/doc/gcc-10/README.Bugs --enable-languages=c,ada,c++,go,brig,d,fortran,objc,obj-c++,m2 --prefix=/usr --with-gcc-major-version-only --program-suffix=-10 --program-prefix=x86_64-linux-gnu- --enable-shared --enable-linker-build-id --libexecdir=/usr/lib --without-included-gettext --enable-threads=posix --libdir=/usr/lib --enable-nls --enable-bootstrap --enable-clocale=gnu --enable-libstdcxx-debug --enable-libstdcxx-time=yes --with-default-libstdcxx-abi=new --enable-gnu-unique-object --disable-vtable-verify --enable-plugin --enable-default-pie --with-system-zlib --enable-libphobos-checking=release --with-target-system-zlib=auto --enable-objc-gc=auto --enable-multiarch --disable-werror --with-arch-32=i686 --with-abi=m64 --with-multilib-list=m32,m64,mx32 --enable-multilib --with-tune=generic --enable-offload-targets=nvptx-none=/build/gcc-10-S4I5Pr/gcc-10-10.3.0/debian/tmp-nvptx/usr,amdgcn-amdhsa=/build/gcc-10-S4I5Pr/gcc-10-10.3.0/debian/tmp-gcn/usr,hsa --without-cuda-driver --enable-checking=release --build=x86_64-linux-gnu --host=x86_64-linux-gnu --target=x86_64-linux-gnu --with-build-config=bootstrap-lto-lean --enable-link-mutex
Thread model: posix
Supported LTO compression algorithms: zlib zstd
gcc version 10.3.0 (Ubuntu 10.3.0-1ubuntu1~20.04) 
COLLECT_GCC_OPTIONS='-v' '-o' 'CMakeFiles/cmTC_dc2c8.dir/CMakeCCompilerABI.c.o' '-c' '-mtune=generic' '-march=x86-64'
 /usr/lib/gcc/x86_64-linux-gnu/10/cc1 -quiet -v -imultiarch x86_64-linux-gnu /usr/share/cmake-3.16/Modules/CMakeCCompilerABI.c -quiet -dumpbase CMakeCCompilerABI.c -mtune=generic -march=x86-64 -auxbase-strip CMakeFiles/cmTC_dc2c8.dir/CMakeCCompilerABI.c.o -version -fasynchronous-unwind-tables -fstack-protector-strong -Wformat -Wformat-security -fstack-clash-protection -fcf-protection -o /tmp/ccROCKNC.s
GNU C17 (Ubuntu 10.3.0-1ubuntu1~20.04) version 10.3.0 (x86_64-linux-gnu)
	compiled by GNU C version 10.3.0, GMP version 6.2.0, MPFR version 4.0.2, MPC version 1.1.0, isl version isl-0.22.1-GMP

GGC heuristics: --param ggc-min-expand=100 --param ggc-min-heapsize=131072
ignoring nonexistent directory "/usr/local/include/x86_64-linux-gnu"
ignoring nonexistent directory "/usr/lib/gcc/x86_64-linux-gnu/10/include-fixed"
ignoring nonexistent directory "/usr/lib/gcc/x86_64-linux-gnu/10/../../../../x86_64-linux-gnu/include"
#include "..." search starts here:
#include <...> search starts here:
 /usr/lib/gcc/x86_64-linux-gnu/10/include
 /usr/local/include
 /usr/include/x86_64-linux-gnu
 /usr/include
End of search list.
GNU C17 (Ubuntu 10.3.0-1ubuntu1~20.04) version 10.3.0 (x86_64-linux-gnu)
	compiled by GNU C version 10.3.0, GMP version 6.2.0, MPFR version 4.0.2, MPC version 1.1.0, isl version isl-0.22.1-GMP

GGC heuristics: --param ggc-min-expand=100 --param ggc-min-heapsize=131072
Compiler executable checksum: f2dc2f7bd2244142e4cf7a4d43b693bf
COLLECT_GCC_OPTIONS='-v' '-o' 'CMakeFiles/cmTC_dc2c8.dir/CMakeCCompilerABI.c.o' '-c' '-mtune=generic' '-march=x86-64'
 as -v --64 -o CMakeFiles/cmTC_dc2c8.dir/CMakeCCompilerABI.c.o /tmp/ccROCKNC.s
GNU assembler version 2.34 (x86_64-linux-gnu) using BFD version (GNU Binutils for Ubuntu) 2.34
COMPILER_PATH=/usr/lib/gcc/x86_64-linux-gnu/10/:/usr/lib/gcc/x86_64-linux-gnu/10/:/usr/lib/gcc/x86_64-linux-gnu/:/usr/lib/gcc/x86_64-linux-gnu/10/:/usr/lib/gcc/x86_64-linux-gnu/
LIBRARY_PATH=/usr/lib/gcc/x86_64-linux-gnu/10/:/usr/lib/gcc/x86_64-linux-gnu/10/../../../x86_64-linux-gnu/:/usr/lib/gcc/x86_64-linux-gnu/10/../../../../lib/:/lib/x86_64-linux-gnu/:/lib/../lib/:/usr/lib/x86_64-linux-gnu/:/usr/lib/../lib/:/usr/lib/gcc/x86_64-linux-gnu/10/../../../:/lib/:/usr/lib/
COLLECT_GCC_OPTIONS='-v' '-o' 'CMakeFiles/cmTC_dc2c8.dir/CMakeCCompilerABI.c.o' '-c' '-mtune=generic' '-march=x86-64'
Linking C executable cmTC_dc2c8
/usr/bin/cmake -E cmake_link_script CMakeFiles/cmTC_dc2c8.dir/link.txt --verbose=1
/usr/bin/gcc-10     -v -rdynamic CMakeFiles/cmTC_dc2c8.dir/CMakeCCompilerABI.c.o  -o cmTC_dc2c8 
Using built-in specs.
COLLECT_GCC=/usr/bin/gcc-10
COLLECT_LTO_WRAPPER=/usr/lib/gcc/x86_64-linux-gnu/10/lto-wrapper
OFFLOAD_TARGET_NAMES=nvptx-none:amdgcn-amdhsa:hsa
OFFLOAD_TARGET_DEFAULT=1
Target: x86_64-linux-gnu
Configured with: ../src/configure -v --with-pkgversion='Ubuntu 10.3.0-1ubuntu1~20.04' --with-bugurl=file:///usr/share/doc/gcc-10/README.Bugs --enable-languages=c,ada,c++,go,brig,d,fortran,objc,obj-c++,m2 --prefix=/usr --with-gcc-major-version-only --program-suffix=-10 --program-prefix=x86_64-linux-gnu- --enable-shared --enable-linker-build-id --libexecdir=/usr/lib --without-included-gettext --enable-threads=posix --libdir=/usr/lib --enable-nls --enable-bootstrap --enable-clocale=gnu --enable-libstdcxx-debug --enable-libstdcxx-time=yes --with-default-libstdcxx-abi=new --enable-gnu-unique-object --disable-vtable-verify --enable-plugin --enable-default-pie --with-system-zlib --enable-libphobos-checking=release --with-target-system-zlib=auto --enable-objc-gc=auto --enable-multiarch --disable-werror --with-arch-32=i686 --with-abi=m64 --with-multilib-list=m32,m64,mx32 --enable-multilib --with-tune=generic --enable-offload-targets=nvptx-none=/build/gcc-10-S4I5Pr/gcc-10-10.3.0/debian/tmp-nvptx/usr,amdgcn-amdhsa=/build/gcc-10-S4I5Pr/gcc-10-10.3.0/debian/tmp-gcn/usr,hsa --without-cuda-driver --enable-checking=release --build=x86_64-linux-gnu --host=x86_64-linux-gnu --target=x86_64-linux-gnu --with-build-config=bootstrap-lto-lean --enable-link-mutex
Thread model: posix
Supported LTO compression algorithms: zlib zstd
gcc version 10.3.0 (Ubuntu 10.3.0-1ubuntu1~20.04) 
COMPILER_PATH=/usr/lib/gcc/x86_64-linux-gnu/10/:/usr/lib/gcc/x86_64-linux-gnu/10/:/usr/lib/gcc/x86_64-linux-gnu/:/usr/lib/gcc/x86_64-linux-gnu/10/:/usr/lib/gcc/x86_64-linux-gnu/
LIBRARY_PATH=/usr/lib/gcc/x86_64-linux-gnu/10/:/usr/lib/gcc/x86_64-linux-gnu/10/../../../x86_64-linux-gnu/:/usr/lib/gcc/x86_64-linux-gnu/10/../../../../lib/:/lib/x86_64-linux-gnu/:/lib/../lib/:/usr/lib/x86_64-linux-gnu/:/usr/lib/../lib/:/usr/lib/gcc/x86_64-linux-gnu/10/../../../:/lib/:/usr/lib/
COLLECT_GCC_OPTIONS='-v' '-rdynamic' '-o' 'cmTC_dc2c8' '-mtune=generic' '-march=x86-64'
 /usr/lib/gcc/x86_64-linux-gnu/10/collect2 -plugin /usr/lib/gcc/x86_64-linux-gnu/10/liblto_plugin.so -plugin-opt=/usr/lib/gcc/x86_64-linux-gnu/10/lto-wrapper -plugin-opt=-fresolution=/tmp/ccwwO2D5.res -plugin-opt=-pass-through=-lgcc -plugin-opt=-pass-through=-lgcc_s -plugin-opt=-pass-through=-lc -plugin-opt=-pass-through=-lgcc -plugin-opt=-pass-through=-lgcc_s --build-id --eh-frame-hdr -m elf_x86_64 --hash-style=gnu --as-needed -export-dynamic -dynamic-linker /lib64/ld-linux-x86-64.so.2 -pie -z now -z relro -o cmTC_dc2c8 /usr/lib/gcc/x86_64-linux-gnu/10/../../../x86_64-linux-gnu/Scrt1.o /usr/lib/gcc/x86_64-linux-gnu/10/../../../x86_64-linux-gnu/crti.o /usr/lib/gcc/x86_64-linux-gnu/10/crtbeginS.o -L/usr/lib/gcc/x86_64-linux-gnu/10 -L/usr/lib/gcc/x86_64-linux-gnu/10/../../../x86_64-linux-gnu -L/usr/lib/gcc/x86_64-linux-gnu/10/../../../../lib -L/lib/x86_64-linux-gnu -L/lib/../lib -L/usr/lib/x86_64-linux-gnu -L/usr/lib/../lib -L/usr/lib/gcc/x86_64-linux-gnu/10/../../.. CMakeFiles/cmTC_dc2c8.dir/CMakeCCompilerABI.c.o -lgcc --push-state --as-needed -lgcc_s --pop-state -lc -lgcc --push-state --as-needed -lgcc_s --pop-state /usr/lib/gcc/x86_64-linux-gnu/10/crtendS.o /usr/lib/gcc/x86_64-linux-gnu/10/../../../x86_64-linux-gnu/crtn.o
COLLECT_GCC_OPTIONS='-v' '-rdynamic' '-o' 'cmTC_dc2c8' '-mtune=generic' '-march=x86-64'
make[1]: Leaving directory '/home/vcamp/Vectrocamp/vectorscan/build-avx512/CMakeFiles/CMakeTmp'



Parsed C implicit include dir info from above output: rv=done
  found start of include info
  found start of implicit include info
    add: [/usr/lib/gcc/x86_64-linux-gnu/10/include]
    add: [/usr/local/include]
    add: [/usr/include/x86_64-linux-gnu]
    add: [/usr/include]
  end of search list found
  collapse include dir [/usr/lib/gcc/x86_64-linux-gnu/10/include] ==> [/usr/lib/gcc/x86_64-linux-gnu/10/include]
  collapse include dir [/usr/local/include] ==> [/usr/local/include]
  collapse include dir [/usr/include/x86_64-linux-gnu] ==> [/usr/include/x86_64-linux-gnu]
  collapse include dir [/usr/include] ==> [/usr/include]
  implicit include dirs: [/usr/lib/gcc/x86_64-linux-gnu/10/include;/usr/local/include;/usr/include/x86_64-linux-gnu;/usr/include]


Parsed C implicit link information from above output:
  link line regex: [^( *|.*[/\])(ld|CMAKE_LINK_STARTFILE-NOTFOUND|([^/\]+-)?ld|collect2)[^/\]*( |$)]
  ignore line: [Change Dir: /home/vcamp/Vectrocamp/vectorscan/build-avx512/CMakeFiles/CMakeTmp]
  ignore line: []
  ignore line: [Run Build Command(s):/usr/bin/make cmTC_dc2c8/fast && /usr/bin/make -f CMakeFiles/cmTC_dc2c8.dir/build.make CMakeFiles/cmTC_dc2c8.dir/build]
  ignore line: [make[1]: Entering directory '/home/vcamp/Vectrocamp/vectorscan/build-avx512/CMakeFiles/CMakeTmp']
  ignore line: [Building C object CMakeFiles/cmTC_dc2c8.dir/CMakeCCompilerABI.c.o]
  ignore line: [/usr/bin/gcc-10   -v -o CMakeFiles/cmTC_dc2c8.dir/CMakeCCompilerABI.c.o   -c /usr/share/cmake-3.16/Modules/CMakeCCompilerABI.c]
  ignore line: [Using built-in specs.]
  ignore line: [COLLECT_GCC=/usr/bin/gcc-10]
  ignore line: [OFFLOAD_TARGET_NAMES=nvptx-none:amdgcn-amdhsa:hsa]
  ignore line: [OFFLOAD_TARGET_DEFAULT=1]
  ignore line: [Target: x86_64-linux-gnu]
  ignore line: [Configured with: ../src/configure -v --with-pkgversion='Ubuntu 10.3.0-1ubuntu1~20.04' --with-bugurl=file:///usr/share/doc/gcc-10/README.Bugs --enable-languages=c ada c++ go brig d fortran objc obj-c++ m2 --prefix=/usr --with-gcc-major-version-only --program-suffix=-10 --program-prefix=x86_64-linux-gnu- --enable-shared --enable-linker-build-id --libexecdir=/usr/lib --without-included-gettext --enable-threads=posix --libdir=/usr/lib --enable-nls --enable-bootstrap --enable-clocale=gnu --enable-libstdcxx-debug --enable-libstdcxx-time=yes --with-default-libstdcxx-abi=new --enable-gnu-unique-object --disable-vtable-verify --enable-plugin --enable-default-pie --with-system-zlib --enable-libphobos-checking=release --with-target-system-zlib=auto --enable-objc-gc=auto --enable-multiarch --disable-werror --with-arch-32=i686 --with-abi=m64 --with-multilib-list=m32 m64 mx32 --enable-multilib --with-tune=generic --enable-offload-targets=nvptx-none=/build/gcc-10-S4I5Pr/gcc-10-10.3.0/debian/tmp-nvptx/usr amdgcn-amdhsa=/build/gcc-10-S4I5Pr/gcc-10-10.3.0/debian/tmp-gcn/usr hsa --without-cuda-driver --enable-checking=release --build=x86_64-linux-gnu --host=x86_64-linux-gnu --target=x86_64-linux-gnu --with-build-config=bootstrap-lto-lean --enable-link-mutex]
  ignore line: [Thread model: posix]
  ignore line: [Supported LTO compression algorithms: zlib zstd]
  ignore line: [gcc version 10.3.0 (Ubuntu 10.3.0-1ubuntu1~20.04) ]
  ignore line: [COLLECT_GCC_OPTIONS='-v' '-o' 'CMakeFiles/cmTC_dc2c8.dir/CMakeCCompilerABI.c.o' '-c' '-mtune=generic' '-march=x86-64']
  ignore line: [ /usr/lib/gcc/x86_64-linux-gnu/10/cc1 -quiet -v -imultiarch x86_64-linux-gnu /usr/share/cmake-3.16/Modules/CMakeCCompilerABI.c -quiet -dumpbase CMakeCCompilerABI.c -mtune=generic -march=x86-64 -auxbase-strip CMakeFiles/cmTC_dc2c8.dir/CMakeCCompilerABI.c.o -version -fasynchronous-unwind-tables -fstack-protector-strong -Wformat -Wformat-security -fstack-clash-protection -fcf-protection -o /tmp/ccROCKNC.s]
  ignore line: [GNU C17 (Ubuntu 10.3.0-1ubuntu1~20.04) version 10.3.0 (x86_64-linux-gnu)]
  ignore line: [	compiled by GNU C version 10.3.0  GMP version 6.2.0  MPFR version 4.0.2  MPC version 1.1.0  isl version isl-0.22.1-GMP]
  ignore line: []
  ignore line: [GGC heuristics: --param ggc-min-expand=100 --param ggc-min-heapsize=131072]
  ignore line: [ignoring nonexistent directory "/usr/local/include/x86_64-linux-gnu"]
  ignore line: [ignoring nonexistent directory "/usr/lib/gcc/x86_64-linux-gnu/10/include-fixed"]
  ignore line: [ignoring nonexistent directory "/usr/lib/gcc/x86_64-linux-gnu/10/../../../../x86_64-linux-gnu/include"]
  ignore line: [#include "..." search starts here:]
  ignore line: [#include <...> search starts here:]
  ignore line: [ /usr/lib/gcc/x86_64-linux-gnu/10/include]
  ignore line: [ /usr/local/include]
  ignore line: [ /usr/include/x86_64-linux-gnu]
  ignore line: [ /usr/include]
  ignore line: [End of search list.]
  ignore line: [GNU C17 (Ubuntu 10.3.0-1ubuntu1~20.04) version 10.3.0 (x86_64-linux-gnu)]
  ignore line: [	compiled by GNU C version 10.3.0  GMP version 6.2.0  MPFR version 4.0.2  MPC version 1.1.0  isl version isl-0.22.1-GMP]
  ignore line: []
  ignore line: [GGC heuristics: --param ggc-min-expand=100 --param ggc-min-heapsize=131072]
  ignore line: [Compiler executable checksum: f2dc2f7bd2244142e4cf7a4d43b693bf]
  ignore line: [COLLECT_GCC_OPTIONS='-v' '-o' 'CMakeFiles/cmTC_dc2c8.dir/CMakeCCompilerABI.c.o' '-c' '-mtune=generic' '-march=x86-64']
  ignore line: [ as -v --64 -o CMakeFiles/cmTC_dc2c8.dir/CMakeCCompilerABI.c.o /tmp/ccROCKNC.s]
  ignore line: [GNU assembler version 2.34 (x86_64-linux-gnu) using BFD version (GNU Binutils for Ubuntu) 2.34]
  ignore line: [COMPILER_PATH=/usr/lib/gcc/x86_64-linux-gnu/10/:/usr/lib/gcc/x86_64-linux-gnu/10/:/usr/lib/gcc/x86_64-linux-gnu/:/usr/lib/gcc/x86_64-linux-gnu/10/:/usr/lib/gcc/x86_64-linux-gnu/]
  ignore line: [LIBRARY_PATH=/usr/lib/gcc/x86_64-linux-gnu/10/:/usr/lib/gcc/x86_64-linux-gnu/10/../../../x86_64-linux-gnu/:/usr/lib/gcc/x86_64-linux-gnu/10/../../../../lib/:/lib/x86_64-linux-gnu/:/lib/../lib/:/usr/lib/x86_64-linux-gnu/:/usr/lib/../lib/:/usr/lib/gcc/x86_64-linux-gnu/10/../../../:/lib/:/usr/lib/]
  ignore line: [COLLECT_GCC_OPTIONS='-v' '-o' 'CMakeFiles/cmTC_dc2c8.dir/CMakeCCompilerABI.c.o' '-c' '-mtune=generic' '-march=x86-64']
  ignore line: [Linking C executable cmTC_dc2c8]
  ignore line: [/usr/bin/cmake -E cmake_link_script CMakeFiles/cmTC_dc2c8.dir/link.txt --verbose=1]
  ignore line: [/usr/bin/gcc-10     -v -rdynamic CMakeFiles/cmTC_dc2c8.dir/CMakeCCompilerABI.c.o  -o cmTC_dc2c8 ]
  ignore line: [Using built-in specs.]
  ignore line: [COLLECT_GCC=/usr/bin/gcc-10]
  ignore line: [COLLECT_LTO_WRAPPER=/usr/lib/gcc/x86_64-linux-gnu/10/lto-wrapper]
  ignore line: [OFFLOAD_TARGET_NAMES=nvptx-none:amdgcn-amdhsa:hsa]
  ignore line: [OFFLOAD_TARGET_DEFAULT=1]
  ignore line: [Target: x86_64-linux-gnu]
  ignore line: [Configured with: ../src/configure -v --with-pkgversion='Ubuntu 10.3.0-1ubuntu1~20.04' --with-bugurl=file:///usr/share/doc/gcc-10/README.Bugs --enable-languages=c ada c++ go brig d fortran objc obj-c++ m2 --prefix=/usr --with-gcc-major-version-only --program-suffix=-10 --program-prefix=x86_64-linux-gnu- --enable-shared --enable-linker-build-id --libexecdir=/usr/lib --without-included-gettext --enable-threads=posix --libdir=/usr/lib --enable-nls --enable-bootstrap --enable-clocale=gnu --enable-libstdcxx-debug --enable-libstdcxx-time=yes --with-default-libstdcxx-abi=new --enable-gnu-unique-object --disable-vtable-verify --enable-plugin --enable-default-pie --with-system-zlib --enable-libphobos-checking=release --with-target-system-zlib=auto --enable-objc-gc=auto --enable-multiarch --disable-werror --with-arch-32=i686 --with-abi=m64 --with-multilib-list=m32 m64 mx32 --enable-multilib --with-tune=generic --enable-offload-targets=nvptx-none=/build/gcc-10-S4I5Pr/gcc-10-10.3.0/debian/tmp-nvptx/usr amdgcn-amdhsa=/build/gcc-10-S4I5Pr/gcc-10-10.3.0/debian/tmp-gcn/usr hsa --without-cuda-driver --enable-checking=release --build=x86_64-linux-gnu --host=x86_64-linux-gnu --target=x86_64-linux-gnu --with-build-config=bootstrap-lto-lean --enable-link-mutex]
  ignore line: [Thread model: posix]
  ignore line: [Supported LTO compression algorithms: zlib zstd]
  ignore line: [gcc version 10.3.0 (Ubuntu 10.3.0-1ubuntu1~20.04) ]
  ignore line: [COMPILER_PATH=/usr/lib/gcc/x86_64-linux-gnu/10/:/usr/lib/gcc/x86_64-linux-gnu/10/:/usr/lib/gcc/x86_64-linux-gnu/:/usr/lib/gcc/x86_64-linux-gnu/10/:/usr/lib/gcc/x86_64-linux-gnu/]
  ignore line: [LIBRARY_PATH=/usr/lib/gcc/x86_64-linux-gnu/10/:/usr/lib/gcc/x86_64-linux-gnu/10/../../../x86_64-linux-gnu/:/usr/lib/gcc/x86_64-linux-gnu/10/../../../../lib/:/lib/x86_64-linux-gnu/:/lib/../lib/:/usr/lib/x86_64-linux-gnu/:/usr/lib/../lib/:/usr/lib/gcc/x86_64-linux-gnu/10/../../../:/lib/:/usr/lib/]
  ignore line: [COLLECT_GCC_OPTIONS='-v' '-rdynamic' '-o' 'cmTC_dc2c8' '-mtune=generic' '-march=x86-64']
  link line: [ /usr/lib/gcc/x86_64-linux-gnu/10/collect2 -plugin /usr/lib/gcc/x86_64-linux-gnu/10/liblto_plugin.so -plugin-opt=/usr/lib/gcc/x86_64-linux-gnu/10/lto-wrapper -plugin-opt=-fresolution=/tmp/ccwwO2D5.res -plugin-opt=-pass-through=-lgcc -plugin-opt=-pass-through=-lgcc_s -plugin-opt=-pass-through=-lc -plugin-opt=-pass-through=-lgcc -plugin-opt=-pass-through=-lgcc_s --build-id --eh-frame-hdr -m elf_x86_64 --hash-style=gnu --as-needed -export-dynamic -dynamic-linker /lib64/ld-linux-x86-64.so.2 -pie -z now -z relro -o cmTC_dc2c8 /usr/lib/gcc/x86_64-linux-gnu/10/../../../x86_64-linux-gnu/Scrt1.o /usr/lib/gcc/x86_64-linux-gnu/10/../../../x86_64-linux-gnu/crti.o /usr/lib/gcc/x86_64-linux-gnu/10/crtbeginS.o -L/usr/lib/gcc/x86_64-linux-gnu/10 -L/usr/lib/gcc/x86_64-linux-gnu/10/../../../x86_64-linux-gnu -L/usr/lib/gcc/x86_64-linux-gnu/10/../../../../lib -L/lib/x86_64-linux-gnu -L/lib/../lib -L/usr/lib/x86_64-linux-gnu -L/usr/lib/../lib -L/usr/lib/gcc/x86_64-linux-gnu/10/../../.. CMakeFiles/cmTC_dc2c8.dir/CMakeCCompilerABI.c.o -lgcc --push-state --as-needed -lgcc_s --pop-state -lc -lgcc --push-state --as-needed -lgcc_s --pop-state /usr/lib/gcc/x86_64-linux-gnu/10/crtendS.o /usr/lib/gcc/x86_64-linux-gnu/10/../../../x86_64-linux-gnu/crtn.o]
    arg [/usr/lib/gcc/x86_64-linux-gnu/10/collect2] ==> ignore
    arg [-plugin] ==> ignore
    arg [/usr/lib/gcc/x86_64-linux-gnu/10/liblto_plugin.so] ==> ignore
    arg [-plugin-opt=/usr/lib/gcc/x86_64-linux-gnu/10/lto-wrapper] ==> ignore
    arg [-plugin-opt=-fresolution=/tmp/ccwwO2D5.res] ==> ignore
    arg [-plugin-opt=-pass-through=-lgcc] ==> ignore
    arg [-plugin-opt=-pass-through=-lgcc_s] ==> ignore
    arg [-plugin-opt=-pass-through=-lc] ==> ignore
    arg [-plugin-opt=-pass-through=-lgcc] ==> ignore
    arg [-plugin-opt=-pass-through=-lgcc_s] ==> ignore
    arg [--build-id] ==> ignore
    arg [--eh-frame-hdr] ==> ignore
    arg [-m] ==> ignore
    arg [elf_x86_64] ==> ignore
    arg [--hash-style=gnu] ==> ignore
    arg [--as-needed] ==> ignore
    arg [-export-dynamic] ==> ignore
    arg [-dynamic-linker] ==> ignore
    arg [/lib64/ld-linux-x86-64.so.2] ==> ignore
    arg [-pie] ==> ignore
    arg [-znow] ==> ignore
    arg [-zrelro] ==> ignore
    arg [-o] ==> ignore
    arg [cmTC_dc2c8] ==> ignore
    arg [/usr/lib/gcc/x86_64-linux-gnu/10/../../../x86_64-linux-gnu/Scrt1.o] ==> ignore
    arg [/usr/lib/gcc/x86_64-linux-gnu/10/../../../x86_64-linux-gnu/crti.o] ==> ignore
    arg [/usr/lib/gcc/x86_64-linux-gnu/10/crtbeginS.o] ==> ignore
    arg [-L/usr/lib/gcc/x86_64-linux-gnu/10] ==> dir [/usr/lib/gcc/x86_64-linux-gnu/10]
    arg [-L/usr/lib/gcc/x86_64-linux-gnu/10/../../../x86_64-linux-gnu] ==> dir [/usr/lib/gcc/x86_64-linux-gnu/10/../../../x86_64-linux-gnu]
    arg [-L/usr/lib/gcc/x86_64-linux-gnu/10/../../../../lib] ==> dir [/usr/lib/gcc/x86_64-linux-gnu/10/../../../../lib]
    arg [-L/lib/x86_64-linux-gnu] ==> dir [/lib/x86_64-linux-gnu]
    arg [-L/lib/../lib] ==> dir [/lib/../lib]
    arg [-L/usr/lib/x86_64-linux-gnu] ==> dir [/usr/lib/x86_64-linux-gnu]
    arg [-L/usr/lib/../lib] ==> dir [/usr/lib/../lib]
    arg [-L/usr/lib/gcc/x86_64-linux-gnu/10/../../..] ==> dir [/usr/lib/gcc/x86_64-linux-gnu/10/../../..]
    arg [CMakeFiles/cmTC_dc2c8.dir/CMakeCCompilerABI.c.o] ==> ignore
    arg [-lgcc] ==> lib [gcc]
    arg [--push-state] ==> ignore
    arg [--as-needed] ==> ignore
    arg [-lgcc_s] ==> lib [gcc_s]
    arg [--pop-state] ==> ignore
    arg [-lc] ==> lib [c]
    arg [-lgcc] ==> lib [gcc]
    arg [--push-state] ==> ignore
    arg [--as-needed] ==> ignore
    arg [-lgcc_s] ==> lib [gcc_s]
    arg [--pop-state] ==> ignore
    arg [/usr/lib/gcc/x86_64-linux-gnu/10/crtendS.o] ==> ignore
    arg [/usr/lib/gcc/x86_64-linux-gnu/10/../../../x86_64-linux-gnu/crtn.o] ==> ignore
  collapse library dir [/usr/lib/gcc/x86_64-linux-gnu/10] ==> [/usr/lib/gcc/x86_64-linux-gnu/10]
  collapse library dir [/usr/lib/gcc/x86_64-linux-gnu/10/../../../x86_64-linux-gnu] ==> [/usr/lib/x86_64-linux-gnu]
  collapse library dir [/usr/lib/gcc/x86_64-linux-gnu/10/../../../../lib] ==> [/usr/lib]
  collapse library dir [/lib/x86_64-linux-gnu] ==> [/lib/x86_64-linux-gnu]
  collapse library dir [/lib/../lib] ==> [/lib]
  collapse library dir [/usr/lib/x86_64-linux-gnu] ==> [/usr/lib/x86_64-linux-gnu]
  collapse library dir [/usr/lib/../lib] ==> [/usr/lib]
  collapse library dir [/usr/lib/gcc/x86_64-linux-gnu/10/../../..] ==> [/usr/lib]
  implicit libs: [gcc;gcc_s;c;gcc;gcc_s]
  implicit dirs: [/usr/lib/gcc/x86_64-linux-gnu/10;/usr/lib/x86_64-linux-gnu;/usr/lib;/lib/x86_64-linux-gnu;/lib]
  implicit fwks: []


Determining if the CXX compiler works passed with the following output:
Change Dir: /home/vcamp/Vectrocamp/vectorscan/build-avx512/CMakeFiles/CMakeTmp

Run Build Command(s):/usr/bin/make cmTC_e79e9/fast && /usr/bin/make -f CMakeFiles/cmTC_e79e9.dir/build.make CMakeFiles/cmTC_e79e9.dir/build
make[1]: Entering directory '/home/vcamp/Vectrocamp/vectorscan/build-avx512/CMakeFiles/CMakeTmp'
Building CXX object CMakeFiles/cmTC_e79e9.dir/testCXXCompiler.cxx.o
/usr/bin/g++-10     -o CMakeFiles/cmTC_e79e9.dir/testCXXCompiler.cxx.o -c /home/vcamp/Vectrocamp/vectorscan/build-avx512/CMakeFiles/CMakeTmp/testCXXCompiler.cxx
Linking CXX executable cmTC_e79e9
/usr/bin/cmake -E cmake_link_script CMakeFiles/cmTC_e79e9.dir/link.txt --verbose=1
/usr/bin/g++-10       -rdynamic CMakeFiles/cmTC_e79e9.dir/testCXXCompiler.cxx.o  -o cmTC_e79e9 
make[1]: Leaving directory '/home/vcamp/Vectrocamp/vectorscan/build-avx512/CMakeFiles/CMakeTmp'



Detecting CXX compiler ABI info compiled with the following output:
Change Dir: /home/vcamp/Vectrocamp/vectorscan/build-avx512/CMakeFiles/CMakeTmp

Run Build Command(s):/usr/bin/make cmTC_df4e7/fast && /usr/bin/make -f CMakeFiles/cmTC_df4e7.dir/build.make CMakeFiles/cmTC_df4e7.dir/build
make[1]: Entering directory '/home/vcamp/Vectrocamp/vectorscan/build-avx512/CMakeFiles/CMakeTmp'
Building CXX object CMakeFiles/cmTC_df4e7.dir/CMakeCXXCompilerABI.cpp.o
/usr/bin/g++-10    -v -o CMakeFiles/cmTC_df4e7.dir/CMakeCXXCompilerABI.cpp.o -c /usr/share/cmake-3.16/Modules/CMakeCXXCompilerABI.cpp
Using built-in specs.
COLLECT_GCC=/usr/bin/g++-10
OFFLOAD_TARGET_NAMES=nvptx-none:amdgcn-amdhsa:hsa
OFFLOAD_TARGET_DEFAULT=1
Target: x86_64-linux-gnu
Configured with: ../src/configure -v --with-pkgversion='Ubuntu 10.3.0-1ubuntu1~20.04' --with-bugurl=file:///usr/share/doc/gcc-10/README.Bugs --enable-languages=c,ada,c++,go,brig,d,fortran,objc,obj-c++,m2 --prefix=/usr --with-gcc-major-version-only --program-suffix=-10 --program-prefix=x86_64-linux-gnu- --enable-shared --enable-linker-build-id --libexecdir=/usr/lib --without-included-gettext --enable-threads=posix --libdir=/usr/lib --enable-nls --enable-bootstrap --enable-clocale=gnu --enable-libstdcxx-debug --enable-libstdcxx-time=yes --with-default-libstdcxx-abi=new --enable-gnu-unique-object --disable-vtable-verify --enable-plugin --enable-default-pie --with-system-zlib --enable-libphobos-checking=release --with-target-system-zlib=auto --enable-objc-gc=auto --enable-multiarch --disable-werror --with-arch-32=i686 --with-abi=m64 --with-multilib-list=m32,m64,mx32 --enable-multilib --with-tune=generic --enable-offload-targets=nvptx-none=/build/gcc-10-S4I5Pr/gcc-10-10.3.0/debian/tmp-nvptx/usr,amdgcn-amdhsa=/build/gcc-10-S4I5Pr/gcc-10-10.3.0/debian/tmp-gcn/usr,hsa --without-cuda-driver --enable-checking=release --build=x86_64-linux-gnu --host=x86_64-linux-gnu --target=x86_64-linux-gnu --with-build-config=bootstrap-lto-lean --enable-link-mutex
Thread model: posix
Supported LTO compression algorithms: zlib zstd
gcc version 10.3.0 (Ubuntu 10.3.0-1ubuntu1~20.04) 
COLLECT_GCC_OPTIONS='-v' '-o' 'CMakeFiles/cmTC_df4e7.dir/CMakeCXXCompilerABI.cpp.o' '-c' '-shared-libgcc' '-mtune=generic' '-march=x86-64'
 /usr/lib/gcc/x86_64-linux-gnu/10/cc1plus -quiet -v -imultiarch x86_64-linux-gnu -D_GNU_SOURCE /usr/share/cmake-3.16/Modules/CMakeCXXCompilerABI.cpp -quiet -dumpbase CMakeCXXCompilerABI.cpp -mtune=generic -march=x86-64 -auxbase-strip CMakeFiles/cmTC_df4e7.dir/CMakeCXXCompilerABI.cpp.o -version -fasynchronous-unwind-tables -fstack-protector-strong -Wformat -Wformat-security -fstack-clash-protection -fcf-protection -o /tmp/ccgXxjqz.s
GNU C++14 (Ubuntu 10.3.0-1ubuntu1~20.04) version 10.3.0 (x86_64-linux-gnu)
	compiled by GNU C version 10.3.0, GMP version 6.2.0, MPFR version 4.0.2, MPC version 1.1.0, isl version isl-0.22.1-GMP

GGC heuristics: --param ggc-min-expand=100 --param ggc-min-heapsize=131072
ignoring duplicate directory "/usr/include/x86_64-linux-gnu/c++/10"
ignoring nonexistent directory "/usr/local/include/x86_64-linux-gnu"
ignoring nonexistent directory "/usr/lib/gcc/x86_64-linux-gnu/10/include-fixed"
ignoring nonexistent directory "/usr/lib/gcc/x86_64-linux-gnu/10/../../../../x86_64-linux-gnu/include"
#include "..." search starts here:
#include <...> search starts here:
 /usr/include/c++/10
 /usr/include/x86_64-linux-gnu/c++/10
 /usr/include/c++/10/backward
 /usr/lib/gcc/x86_64-linux-gnu/10/include
 /usr/local/include
 /usr/include/x86_64-linux-gnu
 /usr/include
End of search list.
GNU C++14 (Ubuntu 10.3.0-1ubuntu1~20.04) version 10.3.0 (x86_64-linux-gnu)
	compiled by GNU C version 10.3.0, GMP version 6.2.0, MPFR version 4.0.2, MPC version 1.1.0, isl version isl-0.22.1-GMP

GGC heuristics: --param ggc-min-expand=100 --param ggc-min-heapsize=131072
Compiler executable checksum: 169ee3a1708a329c07eaf03cc8dfbe6c
COLLECT_GCC_OPTIONS='-v' '-o' 'CMakeFiles/cmTC_df4e7.dir/CMakeCXXCompilerABI.cpp.o' '-c' '-shared-libgcc' '-mtune=generic' '-march=x86-64'
 as -v --64 -o CMakeFiles/cmTC_df4e7.dir/CMakeCXXCompilerABI.cpp.o /tmp/ccgXxjqz.s
GNU assembler version 2.34 (x86_64-linux-gnu) using BFD version (GNU Binutils for Ubuntu) 2.34
COMPILER_PATH=/usr/lib/gcc/x86_64-linux-gnu/10/:/usr/lib/gcc/x86_64-linux-gnu/10/:/usr/lib/gcc/x86_64-linux-gnu/:/usr/lib/gcc/x86_64-linux-gnu/10/:/usr/lib/gcc/x86_64-linux-gnu/
LIBRARY_PATH=/usr/lib/gcc/x86_64-linux-gnu/10/:/usr/lib/gcc/x86_64-linux-gnu/10/../../../x86_64-linux-gnu/:/usr/lib/gcc/x86_64-linux-gnu/10/../../../../lib/:/lib/x86_64-linux-gnu/:/lib/../lib/:/usr/lib/x86_64-linux-gnu/:/usr/lib/../lib/:/usr/lib/gcc/x86_64-linux-gnu/10/../../../:/lib/:/usr/lib/
COLLECT_GCC_OPTIONS='-v' '-o' 'CMakeFiles/cmTC_df4e7.dir/CMakeCXXCompilerABI.cpp.o' '-c' '-shared-libgcc' '-mtune=generic' '-march=x86-64'
Linking CXX executable cmTC_df4e7
/usr/bin/cmake -E cmake_link_script CMakeFiles/cmTC_df4e7.dir/link.txt --verbose=1
/usr/bin/g++-10      -v -rdynamic CMakeFiles/cmTC_df4e7.dir/CMakeCXXCompilerABI.cpp.o  -o cmTC_df4e7 
Using built-in specs.
COLLECT_GCC=/usr/bin/g++-10
COLLECT_LTO_WRAPPER=/usr/lib/gcc/x86_64-linux-gnu/10/lto-wrapper
OFFLOAD_TARGET_NAMES=nvptx-none:amdgcn-amdhsa:hsa
OFFLOAD_TARGET_DEFAULT=1
Target: x86_64-linux-gnu
Configured with: ../src/configure -v --with-pkgversion='Ubuntu 10.3.0-1ubuntu1~20.04' --with-bugurl=file:///usr/share/doc/gcc-10/README.Bugs --enable-languages=c,ada,c++,go,brig,d,fortran,objc,obj-c++,m2 --prefix=/usr --with-gcc-major-version-only --program-suffix=-10 --program-prefix=x86_64-linux-gnu- --enable-shared --enable-linker-build-id --libexecdir=/usr/lib --without-included-gettext --enable-threads=posix --libdir=/usr/lib --enable-nls --enable-bootstrap --enable-clocale=gnu --enable-libstdcxx-debug --enable-libstdcxx-time=yes --with-default-libstdcxx-abi=new --enable-gnu-unique-object --disable-vtable-verify --enable-plugin --enable-default-pie --with-system-zlib --enable-libphobos-checking=release --with-target-system-zlib=auto --enable-objc-gc=auto --enable-multiarch --disable-werror --with-arch-32=i686 --with-abi=m64 --with-multilib-list=m32,m64,mx32 --enable-multilib --with-tune=generic --enable-offload-targets=nvptx-none=/build/gcc-10-S4I5Pr/gcc-10-10.3.0/debian/tmp-nvptx/usr,amdgcn-amdhsa=/build/gcc-10-S4I5Pr/gcc-10-10.3.0/debian/tmp-gcn/usr,hsa --without-cuda-driver --enable-checking=release --build=x86_64-linux-gnu --host=x86_64-linux-gnu --target=x86_64-linux-gnu --with-build-config=bootstrap-lto-lean --enable-link-mutex
Thread model: posix
Supported LTO compression algorithms: zlib zstd
gcc version 10.3.0 (Ubuntu 10.3.0-1ubuntu1~20.04) 
COMPILER_PATH=/usr/lib/gcc/x86_64-linux-gnu/10/:/usr/lib/gcc/x86_64-linux-gnu/10/:/usr/lib/gcc/x86_64-linux-gnu/:/usr/lib/gcc/x86_64-linux-gnu/10/:/usr/lib/gcc/x86_64-linux-gnu/
LIBRARY_PATH=/usr/lib/gcc/x86_64-linux-gnu/10/:/usr/lib/gcc/x86_64-linux-gnu/10/../../../x86_64-linux-gnu/:/usr/lib/gcc/x86_64-linux-gnu/10/../../../../lib/:/lib/x86_64-linux-gnu/:/lib/../lib/:/usr/lib/x86_64-linux-gnu/:/usr/lib/../lib/:/usr/lib/gcc/x86_64-linux-gnu/10/../../../:/lib/:/usr/lib/
COLLECT_GCC_OPTIONS='-v' '-rdynamic' '-o' 'cmTC_df4e7' '-shared-libgcc' '-mtune=generic' '-march=x86-64'
 /usr/lib/gcc/x86_64-linux-gnu/10/collect2 -plugin /usr/lib/gcc/x86_64-linux-gnu/10/liblto_plugin.so -plugin-opt=/usr/lib/gcc/x86_64-linux-gnu/10/lto-wrapper -plugin-opt=-fresolution=/tmp/ccYBIXU2.res -plugin-opt=-pass-through=-lgcc_s -plugin-opt=-pass-through=-lgcc -plugin-opt=-pass-through=-lc -plugin-opt=-pass-through=-lgcc_s -plugin-opt=-pass-through=-lgcc --build-id --eh-frame-hdr -m elf_x86_64 --hash-style=gnu --as-needed -export-dynamic -dynamic-linker /lib64/ld-linux-x86-64.so.2 -pie -z now -z relro -o cmTC_df4e7 /usr/lib/gcc/x86_64-linux-gnu/10/../../../x86_64-linux-gnu/Scrt1.o /usr/lib/gcc/x86_64-linux-gnu/10/../../../x86_64-linux-gnu/crti.o /usr/lib/gcc/x86_64-linux-gnu/10/crtbeginS.o -L/usr/lib/gcc/x86_64-linux-gnu/10 -L/usr/lib/gcc/x86_64-linux-gnu/10/../../../x86_64-linux-gnu -L/usr/lib/gcc/x86_64-linux-gnu/10/../../../../lib -L/lib/x86_64-linux-gnu -L/lib/../lib -L/usr/lib/x86_64-linux-gnu -L/usr/lib/../lib -L/usr/lib/gcc/x86_64-linux-gnu/10/../../.. CMakeFiles/cmTC_df4e7.dir/CMakeCXXCompilerABI.cpp.o -lstdc++ -lm -lgcc_s -lgcc -lc -lgcc_s -lgcc /usr/lib/gcc/x86_64-linux-gnu/10/crtendS.o /usr/lib/gcc/x86_64-linux-gnu/10/../../../x86_64-linux-gnu/crtn.o
COLLECT_GCC_OPTIONS='-v' '-rdynamic' '-o' 'cmTC_df4e7' '-shared-libgcc' '-mtune=generic' '-march=x86-64'
make[1]: Leaving directory '/home/vcamp/Vectrocamp/vectorscan/build-avx512/CMakeFiles/CMakeTmp'



Parsed CXX implicit include dir info from above output: rv=done
  found start of include info
  found start of implicit include info
    add: [/usr/include/c++/10]
    add: [/usr/include/x86_64-linux-gnu/c++/10]
    add: [/usr/include/c++/10/backward]
    add: [/usr/lib/gcc/x86_64-linux-gnu/10/include]
    add: [/usr/local/include]
    add: [/usr/include/x86_64-linux-gnu]
    add: [/usr/include]
  end of search list found
  collapse include dir [/usr/include/c++/10] ==> [/usr/include/c++/10]
  collapse include dir [/usr/include/x86_64-linux-gnu/c++/10] ==> [/usr/include/x86_64-linux-gnu/c++/10]
  collapse include dir [/usr/include/c++/10/backward] ==> [/usr/include/c++/10/backward]
  collapse include dir [/usr/lib/gcc/x86_64-linux-gnu/10/include] ==> [/usr/lib/gcc/x86_64-linux-gnu/10/include]
  collapse include dir [/usr/local/include] ==> [/usr/local/include]
  collapse include dir [/usr/include/x86_64-linux-gnu] ==> [/usr/include/x86_64-linux-gnu]
  collapse include dir [/usr/include] ==> [/usr/include]
  implicit include dirs: [/usr/include/c++/10;/usr/include/x86_64-linux-gnu/c++/10;/usr/include/c++/10/backward;/usr/lib/gcc/x86_64-linux-gnu/10/include;/usr/local/include;/usr/include/x86_64-linux-gnu;/usr/include]


Parsed CXX implicit link information from above output:
  link line regex: [^( *|.*[/\])(ld|CMAKE_LINK_STARTFILE-NOTFOUND|([^/\]+-)?ld|collect2)[^/\]*( |$)]
  ignore line: [Change Dir: /home/vcamp/Vectrocamp/vectorscan/build-avx512/CMakeFiles/CMakeTmp]
  ignore line: []
  ignore line: [Run Build Command(s):/usr/bin/make cmTC_df4e7/fast && /usr/bin/make -f CMakeFiles/cmTC_df4e7.dir/build.make CMakeFiles/cmTC_df4e7.dir/build]
  ignore line: [make[1]: Entering directory '/home/vcamp/Vectrocamp/vectorscan/build-avx512/CMakeFiles/CMakeTmp']
  ignore line: [Building CXX object CMakeFiles/cmTC_df4e7.dir/CMakeCXXCompilerABI.cpp.o]
  ignore line: [/usr/bin/g++-10    -v -o CMakeFiles/cmTC_df4e7.dir/CMakeCXXCompilerABI.cpp.o -c /usr/share/cmake-3.16/Modules/CMakeCXXCompilerABI.cpp]
  ignore line: [Using built-in specs.]
  ignore line: [COLLECT_GCC=/usr/bin/g++-10]
  ignore line: [OFFLOAD_TARGET_NAMES=nvptx-none:amdgcn-amdhsa:hsa]
  ignore line: [OFFLOAD_TARGET_DEFAULT=1]
  ignore line: [Target: x86_64-linux-gnu]
  ignore line: [Configured with: ../src/configure -v --with-pkgversion='Ubuntu 10.3.0-1ubuntu1~20.04' --with-bugurl=file:///usr/share/doc/gcc-10/README.Bugs --enable-languages=c ada c++ go brig d fortran objc obj-c++ m2 --prefix=/usr --with-gcc-major-version-only --program-suffix=-10 --program-prefix=x86_64-linux-gnu- --enable-shared --enable-linker-build-id --libexecdir=/usr/lib --without-included-gettext --enable-threads=posix --libdir=/usr/lib --enable-nls --enable-bootstrap --enable-clocale=gnu --enable-libstdcxx-debug --enable-libstdcxx-time=yes --with-default-libstdcxx-abi=new --enable-gnu-unique-object --disable-vtable-verify --enable-plugin --enable-default-pie --with-system-zlib --enable-libphobos-checking=release --with-target-system-zlib=auto --enable-objc-gc=auto --enable-multiarch --disable-werror --with-arch-32=i686 --with-abi=m64 --with-multilib-list=m32 m64 mx32 --enable-multilib --with-tune=generic --enable-offload-targets=nvptx-none=/build/gcc-10-S4I5Pr/gcc-10-10.3.0/debian/tmp-nvptx/usr amdgcn-amdhsa=/build/gcc-10-S4I5Pr/gcc-10-10.3.0/debian/tmp-gcn/usr hsa --without-cuda-driver --enable-checking=release --build=x86_64-linux-gnu --host=x86_64-linux-gnu --target=x86_64-linux-gnu --with-build-config=bootstrap-lto-lean --enable-link-mutex]
  ignore line: [Thread model: posix]
  ignore line: [Supported LTO compression algorithms: zlib zstd]
  ignore line: [gcc version 10.3.0 (Ubuntu 10.3.0-1ubuntu1~20.04) ]
  ignore line: [COLLECT_GCC_OPTIONS='-v' '-o' 'CMakeFiles/cmTC_df4e7.dir/CMakeCXXCompilerABI.cpp.o' '-c' '-shared-libgcc' '-mtune=generic' '-march=x86-64']
  ignore line: [ /usr/lib/gcc/x86_64-linux-gnu/10/cc1plus -quiet -v -imultiarch x86_64-linux-gnu -D_GNU_SOURCE /usr/share/cmake-3.16/Modules/CMakeCXXCompilerABI.cpp -quiet -dumpbase CMakeCXXCompilerABI.cpp -mtune=generic -march=x86-64 -auxbase-strip CMakeFiles/cmTC_df4e7.dir/CMakeCXXCompilerABI.cpp.o -version -fasynchronous-unwind-tables -fstack-protector-strong -Wformat -Wformat-security -fstack-clash-protection -fcf-protection -o /tmp/ccgXxjqz.s]
  ignore line: [GNU C++14 (Ubuntu 10.3.0-1ubuntu1~20.04) version 10.3.0 (x86_64-linux-gnu)]
  ignore line: [	compiled by GNU C version 10.3.0  GMP version 6.2.0  MPFR version 4.0.2  MPC version 1.1.0  isl version isl-0.22.1-GMP]
  ignore line: []
  ignore line: [GGC heuristics: --param ggc-min-expand=100 --param ggc-min-heapsize=131072]
  ignore line: [ignoring duplicate directory "/usr/include/x86_64-linux-gnu/c++/10"]
  ignore line: [ignoring nonexistent directory "/usr/local/include/x86_64-linux-gnu"]
  ignore line: [ignoring nonexistent directory "/usr/lib/gcc/x86_64-linux-gnu/10/include-fixed"]
  ignore line: [ignoring nonexistent directory "/usr/lib/gcc/x86_64-linux-gnu/10/../../../../x86_64-linux-gnu/include"]
  ignore line: [#include "..." search starts here:]
  ignore line: [#include <...> search starts here:]
  ignore line: [ /usr/include/c++/10]
  ignore line: [ /usr/include/x86_64-linux-gnu/c++/10]
  ignore line: [ /usr/include/c++/10/backward]
  ignore line: [ /usr/lib/gcc/x86_64-linux-gnu/10/include]
  ignore line: [ /usr/local/include]
  ignore line: [ /usr/include/x86_64-linux-gnu]
  ignore line: [ /usr/include]
  ignore line: [End of search list.]
  ignore line: [GNU C++14 (Ubuntu 10.3.0-1ubuntu1~20.04) version 10.3.0 (x86_64-linux-gnu)]
  ignore line: [	compiled by GNU C version 10.3.0  GMP version 6.2.0  MPFR version 4.0.2  MPC version 1.1.0  isl version isl-0.22.1-GMP]
  ignore line: []
  ignore line: [GGC heuristics: --param ggc-min-expand=100 --param ggc-min-heapsize=131072]
  ignore line: [Compiler executable checksum: 169ee3a1708a329c07eaf03cc8dfbe6c]
  ignore line: [COLLECT_GCC_OPTIONS='-v' '-o' 'CMakeFiles/cmTC_df4e7.dir/CMakeCXXCompilerABI.cpp.o' '-c' '-shared-libgcc' '-mtune=generic' '-march=x86-64']
  ignore line: [ as -v --64 -o CMakeFiles/cmTC_df4e7.dir/CMakeCXXCompilerABI.cpp.o /tmp/ccgXxjqz.s]
  ignore line: [GNU assembler version 2.34 (x86_64-linux-gnu) using BFD version (GNU Binutils for Ubuntu) 2.34]
  ignore line: [COMPILER_PATH=/usr/lib/gcc/x86_64-linux-gnu/10/:/usr/lib/gcc/x86_64-linux-gnu/10/:/usr/lib/gcc/x86_64-linux-gnu/:/usr/lib/gcc/x86_64-linux-gnu/10/:/usr/lib/gcc/x86_64-linux-gnu/]
  ignore line: [LIBRARY_PATH=/usr/lib/gcc/x86_64-linux-gnu/10/:/usr/lib/gcc/x86_64-linux-gnu/10/../../../x86_64-linux-gnu/:/usr/lib/gcc/x86_64-linux-gnu/10/../../../../lib/:/lib/x86_64-linux-gnu/:/lib/../lib/:/usr/lib/x86_64-linux-gnu/:/usr/lib/../lib/:/usr/lib/gcc/x86_64-linux-gnu/10/../../../:/lib/:/usr/lib/]
  ignore line: [COLLECT_GCC_OPTIONS='-v' '-o' 'CMakeFiles/cmTC_df4e7.dir/CMakeCXXCompilerABI.cpp.o' '-c' '-shared-libgcc' '-mtune=generic' '-march=x86-64']
  ignore line: [Linking CXX executable cmTC_df4e7]
  ignore line: [/usr/bin/cmake -E cmake_link_script CMakeFiles/cmTC_df4e7.dir/link.txt --verbose=1]
  ignore line: [/usr/bin/g++-10      -v -rdynamic CMakeFiles/cmTC_df4e7.dir/CMakeCXXCompilerABI.cpp.o  -o cmTC_df4e7 ]
  ignore line: [Using built-in specs.]
  ignore line: [COLLECT_GCC=/usr/bin/g++-10]
  ignore line: [COLLECT_LTO_WRAPPER=/usr/lib/gcc/x86_64-linux-gnu/10/lto-wrapper]
  ignore line: [OFFLOAD_TARGET_NAMES=nvptx-none:amdgcn-amdhsa:hsa]
  ignore line: [OFFLOAD_TARGET_DEFAULT=1]
  ignore line: [Target: x86_64-linux-gnu]
  ignore line: [Configured with: ../src/configure -v --with-pkgversion='Ubuntu 10.3.0-1ubuntu1~20.04' --with-bugurl=file:///usr/share/doc/gcc-10/README.Bugs --enable-languages=c ada c++ go brig d fortran objc obj-c++ m2 --prefix=/usr --with-gcc-major-version-only --program-suffix=-10 --program-prefix=x86_64-linux-gnu- --enable-shared --enable-linker-build-id --libexecdir=/usr/lib --without-included-gettext --enable-threads=posix --libdir=/usr/lib --enable-nls --enable-bootstrap --enable-clocale=gnu --enable-libstdcxx-debug --enable-libstdcxx-time=yes --with-default-libstdcxx-abi=new --enable-gnu-unique-object --disable-vtable-verify --enable-plugin --enable-default-pie --with-system-zlib --enable-libphobos-checking=release --with-target-system-zlib=auto --enable-objc-gc=auto --enable-multiarch --disable-werror --with-arch-32=i686 --with-abi=m64 --with-multilib-list=m32 m64 mx32 --enable-multilib --with-tune=generic --enable-offload-targets=nvptx-none=/build/gcc-10-S4I5Pr/gcc-10-10.3.0/debian/tmp-nvptx/usr amdgcn-amdhsa=/build/gcc-10-S4I5Pr/gcc-10-10.3.0/debian/tmp-gcn/usr hsa --without-cuda-driver --enable-checking=release --build=x86_64-linux-gnu --host=x86_64-linux-gnu --target=x86_64-linux-gnu --with-build-config=bootstrap-lto-lean --enable-link-mutex]
  ignore line: [Thread model: posix]
  ignore line: [Supported LTO compression algorithms: zlib zstd]
  ignore line: [gcc version 10.3.0 (Ubuntu 10.3.0-1ubuntu1~20.04) ]
  ignore line: [COMPILER_PATH=/usr/lib/gcc/x86_64-linux-gnu/10/:/usr/lib/gcc/x86_64-linux-gnu/10/:/usr/lib/gcc/x86_64-linux-gnu/:/usr/lib/gcc/x86_64-linux-gnu/10/:/usr/lib/gcc/x86_64-linux-gnu/]
  ignore line: [LIBRARY_PATH=/usr/lib/gcc/x86_64-linux-gnu/10/:/usr/lib/gcc/x86_64-linux-gnu/10/../../../x86_64-linux-gnu/:/usr/lib/gcc/x86_64-linux-gnu/10/../../../../lib/:/lib/x86_64-linux-gnu/:/lib/../lib/:/usr/lib/x86_64-linux-gnu/:/usr/lib/../lib/:/usr/lib/gcc/x86_64-linux-gnu/10/../../../:/lib/:/usr/lib/]
  ignore line: [COLLECT_GCC_OPTIONS='-v' '-rdynamic' '-o' 'cmTC_df4e7' '-shared-libgcc' '-mtune=generic' '-march=x86-64']
  link line: [ /usr/lib/gcc/x86_64-linux-gnu/10/collect2 -plugin /usr/lib/gcc/x86_64-linux-gnu/10/liblto_plugin.so -plugin-opt=/usr/lib/gcc/x86_64-linux-gnu/10/lto-wrapper -plugin-opt=-fresolution=/tmp/ccYBIXU2.res -plugin-opt=-pass-through=-lgcc_s -plugin-opt=-pass-through=-lgcc -plugin-opt=-pass-through=-lc -plugin-opt=-pass-through=-lgcc_s -plugin-opt=-pass-through=-lgcc --build-id --eh-frame-hdr -m elf_x86_64 --hash-style=gnu --as-needed -export-dynamic -dynamic-linker /lib64/ld-linux-x86-64.so.2 -pie -z now -z relro -o cmTC_df4e7 /usr/lib/gcc/x86_64-linux-gnu/10/../../../x86_64-linux-gnu/Scrt1.o /usr/lib/gcc/x86_64-linux-gnu/10/../../../x86_64-linux-gnu/crti.o /usr/lib/gcc/x86_64-linux-gnu/10/crtbeginS.o -L/usr/lib/gcc/x86_64-linux-gnu/10 -L/usr/lib/gcc/x86_64-linux-gnu/10/../../../x86_64-linux-gnu -L/usr/lib/gcc/x86_64-linux-gnu/10/../../../../lib -L/lib/x86_64-linux-gnu -L/lib/../lib -L/usr/lib/x86_64-linux-gnu -L/usr/lib/../lib -L/usr/lib/gcc/x86_64-linux-gnu/10/../../.. CMakeFiles/cmTC_df4e7.dir/CMakeCXXCompilerABI.cpp.o -lstdc++ -lm -lgcc_s -lgcc -lc -lgcc_s -lgcc /usr/lib/gcc/x86_64-linux-gnu/10/crtendS.o /usr/lib/gcc/x86_64-linux-gnu/10/../../../x86_64-linux-gnu/crtn.o]
    arg [/usr/lib/gcc/x86_64-linux-gnu/10/collect2] ==> ignore
    arg [-plugin] ==> ignore
    arg [/usr/lib/gcc/x86_64-linux-gnu/10/liblto_plugin.so] ==> ignore
    arg [-plugin-opt=/usr/lib/gcc/x86_64-linux-gnu/10/lto-wrapper] ==> ignore
    arg [-plugin-opt=-fresolution=/tmp/ccYBIXU2.res] ==> ignore
    arg [-plugin-opt=-pass-through=-lgcc_s] ==> ignore
    arg [-plugin-opt=-pass-through=-lgcc] ==> ignore
    arg [-plugin-opt=-pass-through=-lc] ==> ignore
    arg [-plugin-opt=-pass-through=-lgcc_s] ==> ignore
    arg [-plugin-opt=-pass-through=-lgcc] ==> ignore
    arg [--build-id] ==> ignore
    arg [--eh-frame-hdr] ==> ignore
    arg [-m] ==> ignore
    arg [elf_x86_64] ==> ignore
    arg [--hash-style=gnu] ==> ignore
    arg [--as-needed] ==> ignore
    arg [-export-dynamic] ==> ignore
    arg [-dynamic-linker] ==> ignore
    arg [/lib64/ld-linux-x86-64.so.2] ==> ignore
    arg [-pie] ==> ignore
    arg [-znow] ==> ignore
    arg [-zrelro] ==> ignore
    arg [-o] ==> ignore
    arg [cmTC_df4e7] ==> ignore
    arg [/usr/lib/gcc/x86_64-linux-gnu/10/../../../x86_64-linux-gnu/Scrt1.o] ==> ignore
    arg [/usr/lib/gcc/x86_64-linux-gnu/10/../../../x86_64-linux-gnu/crti.o] ==> ignore
    arg [/usr/lib/gcc/x86_64-linux-gnu/10/crtbeginS.o] ==> ignore
    arg [-L/usr/lib/gcc/x86_64-linux-gnu/10] ==> dir [/usr/lib/gcc/x86_64-linux-gnu/10]
    arg [-L/usr/lib/gcc/x86_64-linux-gnu/10/../../../x86_64-linux-gnu] ==> dir [/usr/lib/gcc/x86_64-linux-gnu/10/../../../x86_64-linux-gnu]
    arg [-L/usr/lib/gcc/x86_64-linux-gnu/10/../../../../lib] ==> dir [/usr/lib/gcc/x86_64-linux-gnu/10/../../../../lib]
    arg [-L/lib/x86_64-linux-gnu] ==> dir [/lib/x86_64-linux-gnu]
    arg [-L/lib/../lib] ==> dir [/lib/../lib]
    arg [-L/usr/lib/x86_64-linux-gnu] ==> dir [/usr/lib/x86_64-linux-gnu]
    arg [-L/usr/lib/../lib] ==> dir [/usr/lib/../lib]
    arg [-L/usr/lib/gcc/x86_64-linux-gnu/10/../../..] ==> dir [/usr/lib/gcc/x86_64-linux-gnu/10/../../..]
    arg [CMakeFiles/cmTC_df4e7.dir/CMakeCXXCompilerABI.cpp.o] ==> ignore
    arg [-lstdc++] ==> lib [stdc++]
    arg [-lm] ==> lib [m]
    arg [-lgcc_s] ==> lib [gcc_s]
    arg [-lgcc] ==> lib [gcc]
    arg [-lc] ==> lib [c]
    arg [-lgcc_s] ==> lib [gcc_s]
    arg [-lgcc] ==> lib [gcc]
    arg [/usr/lib/gcc/x86_64-linux-gnu/10/crtendS.o] ==> ignore
    arg [/usr/lib/gcc/x86_64-linux-gnu/10/../../../x86_64-linux-gnu/crtn.o] ==> ignore
  collapse library dir [/usr/lib/gcc/x86_64-linux-gnu/10] ==> [/usr/lib/gcc/x86_64-linux-gnu/10]
  collapse library dir [/usr/lib/gcc/x86_64-linux-gnu/10/../../../x86_64-linux-gnu] ==> [/usr/lib/x86_64-linux-gnu]
  collapse library dir [/usr/lib/gcc/x86_64-linux-gnu/10/../../../../lib] ==> [/usr/lib]
  collapse library dir [/lib/x86_64-linux-gnu] ==> [/lib/x86_64-linux-gnu]
  collapse library dir [/lib/../lib] ==> [/lib]
  collapse library dir [/usr/lib/x86_64-linux-gnu] ==> [/usr/lib/x86_64-linux-gnu]
  collapse library dir [/usr/lib/../lib] ==> [/usr/lib]
  collapse library dir [/usr/lib/gcc/x86_64-linux-gnu/10/../../..] ==> [/usr/lib]
  implicit libs: [stdc++;m;gcc_s;gcc;c;gcc_s;gcc]
  implicit dirs: [/usr/lib/gcc/x86_64-linux-gnu/10;/usr/lib/x86_64-linux-gnu;/usr/lib;/lib/x86_64-linux-gnu;/lib]
  implicit fwks: []


Performing C SOURCE FILE Test ARCH_X86_64 succeeded with the following output:
Change Dir: /home/vcamp/Vectrocamp/vectorscan/build-avx512/CMakeFiles/CMakeTmp

Run Build Command(s):/usr/bin/make cmTC_faabd/fast && /usr/bin/make -f CMakeFiles/cmTC_faabd.dir/build.make CMakeFiles/cmTC_faabd.dir/build
make[1]: Entering directory '/home/vcamp/Vectrocamp/vectorscan/build-avx512/CMakeFiles/CMakeTmp'
Building C object CMakeFiles/cmTC_faabd.dir/src.c.o
/usr/bin/gcc-10   -DARCH_X86_64   -o CMakeFiles/cmTC_faabd.dir/src.c.o   -c /home/vcamp/Vectrocamp/vectorscan/build-avx512/CMakeFiles/CMakeTmp/src.c
Linking C executable cmTC_faabd
/usr/bin/cmake -E cmake_link_script CMakeFiles/cmTC_faabd.dir/link.txt --verbose=1
/usr/bin/gcc-10  -DARCH_X86_64    -rdynamic CMakeFiles/cmTC_faabd.dir/src.c.o  -o cmTC_faabd 
make[1]: Leaving directory '/home/vcamp/Vectrocamp/vectorscan/build-avx512/CMakeFiles/CMakeTmp'


Source file was:
#if !(defined(__x86_64__) || defined(_M_X64))
#error not 64bit
#endif
int main(void) { return 0; }
Determining if files unistd.h exist passed with the following output:
Change Dir: /home/vcamp/Vectrocamp/vectorscan/build-avx512/CMakeFiles/CMakeTmp

Run Build Command(s):/usr/bin/make cmTC_943f2/fast && /usr/bin/make -f CMakeFiles/cmTC_943f2.dir/build.make CMakeFiles/cmTC_943f2.dir/build
make[1]: Entering directory '/home/vcamp/Vectrocamp/vectorscan/build-avx512/CMakeFiles/CMakeTmp'
Building C object CMakeFiles/cmTC_943f2.dir/HAVE_UNISTD_H.c.o
/usr/bin/gcc-10    -o CMakeFiles/cmTC_943f2.dir/HAVE_UNISTD_H.c.o   -c /home/vcamp/Vectrocamp/vectorscan/build-avx512/CMakeFiles/CheckIncludeFiles/HAVE_UNISTD_H.c
Linking C executable cmTC_943f2
/usr/bin/cmake -E cmake_link_script CMakeFiles/cmTC_943f2.dir/link.txt --verbose=1
/usr/bin/gcc-10      -rdynamic CMakeFiles/cmTC_943f2.dir/HAVE_UNISTD_H.c.o  -o cmTC_943f2 
make[1]: Leaving directory '/home/vcamp/Vectrocamp/vectorscan/build-avx512/CMakeFiles/CMakeTmp'



Determining if files x86intrin.h exist passed with the following output:
Change Dir: /home/vcamp/Vectrocamp/vectorscan/build-avx512/CMakeFiles/CMakeTmp

Run Build Command(s):/usr/bin/make cmTC_b37bf/fast && /usr/bin/make -f CMakeFiles/cmTC_b37bf.dir/build.make CMakeFiles/cmTC_b37bf.dir/build
make[1]: Entering directory '/home/vcamp/Vectrocamp/vectorscan/build-avx512/CMakeFiles/CMakeTmp'
Building C object CMakeFiles/cmTC_b37bf.dir/HAVE_C_X86INTRIN_H.c.o
/usr/bin/gcc-10    -o CMakeFiles/cmTC_b37bf.dir/HAVE_C_X86INTRIN_H.c.o   -c /home/vcamp/Vectrocamp/vectorscan/build-avx512/CMakeFiles/CheckIncludeFiles/HAVE_C_X86INTRIN_H.c
Linking C executable cmTC_b37bf
/usr/bin/cmake -E cmake_link_script CMakeFiles/cmTC_b37bf.dir/link.txt --verbose=1
/usr/bin/gcc-10      -rdynamic CMakeFiles/cmTC_b37bf.dir/HAVE_C_X86INTRIN_H.c.o  -o cmTC_b37bf 
make[1]: Leaving directory '/home/vcamp/Vectrocamp/vectorscan/build-avx512/CMakeFiles/CMakeTmp'



Determining if the include file x86intrin.h exists passed with the following output:
Change Dir: /home/vcamp/Vectrocamp/vectorscan/build-avx512/CMakeFiles/CMakeTmp

Run Build Command(s):/usr/bin/make cmTC_bcaf4/fast && /usr/bin/make -f CMakeFiles/cmTC_bcaf4.dir/build.make CMakeFiles/cmTC_bcaf4.dir/build
make[1]: Entering directory '/home/vcamp/Vectrocamp/vectorscan/build-avx512/CMakeFiles/CMakeTmp'
Building CXX object CMakeFiles/cmTC_bcaf4.dir/CheckIncludeFile.cxx.o
/usr/bin/g++-10     -o CMakeFiles/cmTC_bcaf4.dir/CheckIncludeFile.cxx.o -c /home/vcamp/Vectrocamp/vectorscan/build-avx512/CMakeFiles/CMakeTmp/CheckIncludeFile.cxx
Linking CXX executable cmTC_bcaf4
/usr/bin/cmake -E cmake_link_script CMakeFiles/cmTC_bcaf4.dir/link.txt --verbose=1
/usr/bin/g++-10       -rdynamic CMakeFiles/cmTC_bcaf4.dir/CheckIncludeFile.cxx.o  -o cmTC_bcaf4 
make[1]: Leaving directory '/home/vcamp/Vectrocamp/vectorscan/build-avx512/CMakeFiles/CMakeTmp'



Determining if the function posix_memalign exists passed with the following output:
Change Dir: /home/vcamp/Vectrocamp/vectorscan/build-avx512/CMakeFiles/CMakeTmp

Run Build Command(s):/usr/bin/make cmTC_a51d7/fast && /usr/bin/make -f CMakeFiles/cmTC_a51d7.dir/build.make CMakeFiles/cmTC_a51d7.dir/build
make[1]: Entering directory '/home/vcamp/Vectrocamp/vectorscan/build-avx512/CMakeFiles/CMakeTmp'
Building C object CMakeFiles/cmTC_a51d7.dir/CheckFunctionExists.c.o
/usr/bin/gcc-10   -DCHECK_FUNCTION_EXISTS=posix_memalign   -o CMakeFiles/cmTC_a51d7.dir/CheckFunctionExists.c.o   -c /usr/share/cmake-3.16/Modules/CheckFunctionExists.c
<command-line>: warning: conflicting types for built-in function posix_memalign; expected int(void **, long unsigned int,  long unsigned int) [-Wbuiltin-declaration-mismatch]
<command-line>: note: in definition of macro CHECK_FUNCTION_EXISTS
Linking C executable cmTC_a51d7
/usr/bin/cmake -E cmake_link_script CMakeFiles/cmTC_a51d7.dir/link.txt --verbose=1
/usr/bin/gcc-10  -DCHECK_FUNCTION_EXISTS=posix_memalign    -rdynamic CMakeFiles/cmTC_a51d7.dir/CheckFunctionExists.c.o  -o cmTC_a51d7 
make[1]: Leaving directory '/home/vcamp/Vectrocamp/vectorscan/build-avx512/CMakeFiles/CMakeTmp'



Performing C SOURCE FILE Test HAS_C_HIDDEN succeeded with the following output:
Change Dir: /home/vcamp/Vectrocamp/vectorscan/build-avx512/CMakeFiles/CMakeTmp

Run Build Command(s):/usr/bin/make cmTC_e156b/fast && /usr/bin/make -f CMakeFiles/cmTC_e156b.dir/build.make CMakeFiles/cmTC_e156b.dir/build
make[1]: Entering directory '/home/vcamp/Vectrocamp/vectorscan/build-avx512/CMakeFiles/CMakeTmp'
Building C object CMakeFiles/cmTC_e156b.dir/src.c.o
/usr/bin/gcc-10   -DHAS_C_HIDDEN   -fvisibility=hidden -o CMakeFiles/cmTC_e156b.dir/src.c.o   -c /home/vcamp/Vectrocamp/vectorscan/build-avx512/CMakeFiles/CMakeTmp/src.c
Linking C executable cmTC_e156b
/usr/bin/cmake -E cmake_link_script CMakeFiles/cmTC_e156b.dir/link.txt --verbose=1
/usr/bin/gcc-10  -DHAS_C_HIDDEN    -rdynamic CMakeFiles/cmTC_e156b.dir/src.c.o  -o cmTC_e156b 
make[1]: Leaving directory '/home/vcamp/Vectrocamp/vectorscan/build-avx512/CMakeFiles/CMakeTmp'


Source file was:
int main(void) { return 0; }
Performing C++ SOURCE FILE Test HAS_CXX_HIDDEN succeeded with the following output:
Change Dir: /home/vcamp/Vectrocamp/vectorscan/build-avx512/CMakeFiles/CMakeTmp

Run Build Command(s):/usr/bin/make cmTC_3e55b/fast && /usr/bin/make -f CMakeFiles/cmTC_3e55b.dir/build.make CMakeFiles/cmTC_3e55b.dir/build
make[1]: Entering directory '/home/vcamp/Vectrocamp/vectorscan/build-avx512/CMakeFiles/CMakeTmp'
Building CXX object CMakeFiles/cmTC_3e55b.dir/src.cxx.o
/usr/bin/g++-10    -DHAS_CXX_HIDDEN   -fvisibility=hidden -o CMakeFiles/cmTC_3e55b.dir/src.cxx.o -c /home/vcamp/Vectrocamp/vectorscan/build-avx512/CMakeFiles/CMakeTmp/src.cxx
Linking CXX executable cmTC_3e55b
/usr/bin/cmake -E cmake_link_script CMakeFiles/cmTC_3e55b.dir/link.txt --verbose=1
/usr/bin/g++-10   -DHAS_CXX_HIDDEN    -rdynamic CMakeFiles/cmTC_3e55b.dir/src.cxx.o  -o cmTC_3e55b 
make[1]: Leaving directory '/home/vcamp/Vectrocamp/vectorscan/build-avx512/CMakeFiles/CMakeTmp'


Source file was:
int main() { return 0; }
Performing C SOURCE FILE Test HAS_C_ATTR_IFUNC succeeded with the following output:
Change Dir: /home/vcamp/Vectrocamp/vectorscan/build-avx512/CMakeFiles/CMakeTmp

Run Build Command(s):/usr/bin/make cmTC_1ae02/fast && /usr/bin/make -f CMakeFiles/cmTC_1ae02.dir/build.make CMakeFiles/cmTC_1ae02.dir/build
make[1]: Entering directory '/home/vcamp/Vectrocamp/vectorscan/build-avx512/CMakeFiles/CMakeTmp'
Building C object CMakeFiles/cmTC_1ae02.dir/src.c.o
/usr/bin/gcc-10   -DHAS_C_ATTR_IFUNC -Werror   -o CMakeFiles/cmTC_1ae02.dir/src.c.o   -c /home/vcamp/Vectrocamp/vectorscan/build-avx512/CMakeFiles/CMakeTmp/src.c
Linking C executable cmTC_1ae02
/usr/bin/cmake -E cmake_link_script CMakeFiles/cmTC_1ae02.dir/link.txt --verbose=1
/usr/bin/gcc-10  -DHAS_C_ATTR_IFUNC -Werror    -rdynamic CMakeFiles/cmTC_1ae02.dir/src.c.o  -o cmTC_1ae02 
make[1]: Leaving directory '/home/vcamp/Vectrocamp/vectorscan/build-avx512/CMakeFiles/CMakeTmp'


Source file was:

    int foo(int) __attribute__ ((ifunc("foo_i")));
    int f1(int i) { return i; }
    void (*foo_i()) { return f1; }
    int main(void) { return 0; }
    
Performing C SOURCE FILE Test HAS_ARCH_SKYLAKE succeeded with the following output:
Change Dir: /home/vcamp/Vectrocamp/vectorscan/build-avx512/CMakeFiles/CMakeTmp

Run Build Command(s):/usr/bin/make cmTC_4d1dc/fast && /usr/bin/make -f CMakeFiles/cmTC_4d1dc.dir/build.make CMakeFiles/cmTC_4d1dc.dir/build
make[1]: Entering directory '/home/vcamp/Vectrocamp/vectorscan/build-avx512/CMakeFiles/CMakeTmp'
Building C object CMakeFiles/cmTC_4d1dc.dir/src.c.o
/usr/bin/gcc-10   -DHAS_ARCH_SKYLAKE   -march=skylake-avx512 -o CMakeFiles/cmTC_4d1dc.dir/src.c.o   -c /home/vcamp/Vectrocamp/vectorscan/build-avx512/CMakeFiles/CMakeTmp/src.c
Linking C executable cmTC_4d1dc
/usr/bin/cmake -E cmake_link_script CMakeFiles/cmTC_4d1dc.dir/link.txt --verbose=1
/usr/bin/gcc-10  -DHAS_ARCH_SKYLAKE    -rdynamic CMakeFiles/cmTC_4d1dc.dir/src.c.o  -o cmTC_4d1dc 
make[1]: Leaving directory '/home/vcamp/Vectrocamp/vectorscan/build-avx512/CMakeFiles/CMakeTmp'


Source file was:
int main(void) { return 0; }
Performing C SOURCE FILE Test HAVE_SSSE3 succeeded with the following output:
Change Dir: /home/vcamp/Vectrocamp/vectorscan/build-avx512/CMakeFiles/CMakeTmp

Run Build Command(s):/usr/bin/make cmTC_fac5f/fast && /usr/bin/make -f CMakeFiles/cmTC_fac5f.dir/build.make CMakeFiles/cmTC_fac5f.dir/build
make[1]: Entering directory '/home/vcamp/Vectrocamp/vectorscan/build-avx512/CMakeFiles/CMakeTmp'
Building C object CMakeFiles/cmTC_fac5f.dir/src.c.o
/usr/bin/gcc-10   -DHAVE_SSSE3  -O0 -std=c99 -Wall -Wextra -Wshadow -Wcast-qual -fno-strict-aliasing -Werror -Wno-array-bounds -Wno-maybe-uninitialized -Wno-abi -fno-omit-frame-pointer -march=tigerlake -mtune=tigerlake   -o CMakeFiles/cmTC_fac5f.dir/src.c.o   -c /home/vcamp/Vectrocamp/vectorscan/build-avx512/CMakeFiles/CMakeTmp/src.c
Linking C executable cmTC_fac5f
/usr/bin/cmake -E cmake_link_script CMakeFiles/cmTC_fac5f.dir/link.txt --verbose=1
/usr/bin/gcc-10  -DHAVE_SSSE3  -O0 -std=c99 -Wall -Wextra -Wshadow -Wcast-qual -fno-strict-aliasing -Werror -Wno-array-bounds -Wno-maybe-uninitialized -Wno-abi -fno-omit-frame-pointer -march=tigerlake -mtune=tigerlake    -rdynamic CMakeFiles/cmTC_fac5f.dir/src.c.o  -o cmTC_fac5f 
make[1]: Leaving directory '/home/vcamp/Vectrocamp/vectorscan/build-avx512/CMakeFiles/CMakeTmp'


Source file was:
#include <x86intrin.h>
int main() {
    __m128i a = _mm_set1_epi8(1);
    (void)_mm_shuffle_epi8(a, a);
}
Performing C SOURCE FILE Test HAVE_AVX2 succeeded with the following output:
Change Dir: /home/vcamp/Vectrocamp/vectorscan/build-avx512/CMakeFiles/CMakeTmp

Run Build Command(s):/usr/bin/make cmTC_6a7b3/fast && /usr/bin/make -f CMakeFiles/cmTC_6a7b3.dir/build.make CMakeFiles/cmTC_6a7b3.dir/build
make[1]: Entering directory '/home/vcamp/Vectrocamp/vectorscan/build-avx512/CMakeFiles/CMakeTmp'
Building C object CMakeFiles/cmTC_6a7b3.dir/src.c.o
/usr/bin/gcc-10   -DHAVE_AVX2  -O0 -std=c99 -Wall -Wextra -Wshadow -Wcast-qual -fno-strict-aliasing -Werror -Wno-array-bounds -Wno-maybe-uninitialized -Wno-abi -fno-omit-frame-pointer -march=tigerlake -mtune=tigerlake   -o CMakeFiles/cmTC_6a7b3.dir/src.c.o   -c /home/vcamp/Vectrocamp/vectorscan/build-avx512/CMakeFiles/CMakeTmp/src.c
Linking C executable cmTC_6a7b3
/usr/bin/cmake -E cmake_link_script CMakeFiles/cmTC_6a7b3.dir/link.txt --verbose=1
/usr/bin/gcc-10  -DHAVE_AVX2  -O0 -std=c99 -Wall -Wextra -Wshadow -Wcast-qual -fno-strict-aliasing -Werror -Wno-array-bounds -Wno-maybe-uninitialized -Wno-abi -fno-omit-frame-pointer -march=tigerlake -mtune=tigerlake    -rdynamic CMakeFiles/cmTC_6a7b3.dir/src.c.o  -o cmTC_6a7b3 
make[1]: Leaving directory '/home/vcamp/Vectrocamp/vectorscan/build-avx512/CMakeFiles/CMakeTmp'


Source file was:
#include <x86intrin.h>
#if !defined(__AVX2__)
#error no avx2
#endif

int main(){
    __m256i z = _mm256_setzero_si256();
    (void)_mm256_xor_si256(z, z);
}
Performing C SOURCE FILE Test HAVE_AVX512 succeeded with the following output:
Change Dir: /home/vcamp/Vectrocamp/vectorscan/build-avx512/CMakeFiles/CMakeTmp

Run Build Command(s):/usr/bin/make cmTC_b0494/fast && /usr/bin/make -f CMakeFiles/cmTC_b0494.dir/build.make CMakeFiles/cmTC_b0494.dir/build
make[1]: Entering directory '/home/vcamp/Vectrocamp/vectorscan/build-avx512/CMakeFiles/CMakeTmp'
Building C object CMakeFiles/cmTC_b0494.dir/src.c.o
/usr/bin/gcc-10   -DHAVE_AVX512  -O0 -std=c99 -Wall -Wextra -Wshadow -Wcast-qual -fno-strict-aliasing -Werror -Wno-array-bounds -Wno-maybe-uninitialized -Wno-abi -fno-omit-frame-pointer -march=tigerlake -mtune=tigerlake   -o CMakeFiles/cmTC_b0494.dir/src.c.o   -c /home/vcamp/Vectrocamp/vectorscan/build-avx512/CMakeFiles/CMakeTmp/src.c
Linking C executable cmTC_b0494
/usr/bin/cmake -E cmake_link_script CMakeFiles/cmTC_b0494.dir/link.txt --verbose=1
/usr/bin/gcc-10  -DHAVE_AVX512  -O0 -std=c99 -Wall -Wextra -Wshadow -Wcast-qual -fno-strict-aliasing -Werror -Wno-array-bounds -Wno-maybe-uninitialized -Wno-abi -fno-omit-frame-pointer -march=tigerlake -mtune=tigerlake    -rdynamic CMakeFiles/cmTC_b0494.dir/src.c.o  -o cmTC_b0494 
make[1]: Leaving directory '/home/vcamp/Vectrocamp/vectorscan/build-avx512/CMakeFiles/CMakeTmp'


Source file was:
#include <x86intrin.h>
#if !defined(__AVX512BW__)
#error no avx512bw
#endif

int main(){
    __m512i z = _mm512_setzero_si512();
    (void)_mm512_abs_epi8(z);
}
Performing C SOURCE FILE Test HAVE_AVX512VBMI succeeded with the following output:
Change Dir: /home/vcamp/Vectrocamp/vectorscan/build-avx512/CMakeFiles/CMakeTmp

Run Build Command(s):/usr/bin/make cmTC_14edf/fast && /usr/bin/make -f CMakeFiles/cmTC_14edf.dir/build.make CMakeFiles/cmTC_14edf.dir/build
make[1]: Entering directory '/home/vcamp/Vectrocamp/vectorscan/build-avx512/CMakeFiles/CMakeTmp'
Building C object CMakeFiles/cmTC_14edf.dir/src.c.o
/usr/bin/gcc-10   -DHAVE_AVX512VBMI  -O0 -std=c99 -Wall -Wextra -Wshadow -Wcast-qual -fno-strict-aliasing -Werror -Wno-array-bounds -Wno-maybe-uninitialized -Wno-abi -fno-omit-frame-pointer -march=tigerlake -mtune=tigerlake   -o CMakeFiles/cmTC_14edf.dir/src.c.o   -c /home/vcamp/Vectrocamp/vectorscan/build-avx512/CMakeFiles/CMakeTmp/src.c
Linking C executable cmTC_14edf
/usr/bin/cmake -E cmake_link_script CMakeFiles/cmTC_14edf.dir/link.txt --verbose=1
/usr/bin/gcc-10  -DHAVE_AVX512VBMI  -O0 -std=c99 -Wall -Wextra -Wshadow -Wcast-qual -fno-strict-aliasing -Werror -Wno-array-bounds -Wno-maybe-uninitialized -Wno-abi -fno-omit-frame-pointer -march=tigerlake -mtune=tigerlake    -rdynamic CMakeFiles/cmTC_14edf.dir/src.c.o  -o cmTC_14edf 
make[1]: Leaving directory '/home/vcamp/Vectrocamp/vectorscan/build-avx512/CMakeFiles/CMakeTmp'


Source file was:
#include <x86intrin.h>
#if !defined(__AVX512VBMI__)
#error no avx512vbmi
#endif

int main(){
    __m512i a = _mm512_set1_epi8(0xFF);
    __m512i idx = _mm512_set_epi64(3ULL, 2ULL, 1ULL, 0ULL, 7ULL, 6ULL, 5ULL, 4ULL);
    (void)_mm512_permutexvar_epi8(idx, a);
}
Performing C SOURCE FILE Test HAVE_CC_BUILTIN_ASSUME_ALIGNED succeeded with the following output:
Change Dir: /home/vcamp/Vectrocamp/vectorscan/build-avx512/CMakeFiles/CMakeTmp

Run Build Command(s):/usr/bin/make cmTC_c15b2/fast && /usr/bin/make -f CMakeFiles/cmTC_c15b2.dir/build.make CMakeFiles/cmTC_c15b2.dir/build
make[1]: Entering directory '/home/vcamp/Vectrocamp/vectorscan/build-avx512/CMakeFiles/CMakeTmp'
Building C object CMakeFiles/cmTC_c15b2.dir/src.c.o
/usr/bin/gcc-10   -DHAVE_CC_BUILTIN_ASSUME_ALIGNED   -o CMakeFiles/cmTC_c15b2.dir/src.c.o   -c /home/vcamp/Vectrocamp/vectorscan/build-avx512/CMakeFiles/CMakeTmp/src.c
Linking C executable cmTC_c15b2
/usr/bin/cmake -E cmake_link_script CMakeFiles/cmTC_c15b2.dir/link.txt --verbose=1
/usr/bin/gcc-10  -DHAVE_CC_BUILTIN_ASSUME_ALIGNED    -rdynamic CMakeFiles/cmTC_c15b2.dir/src.c.o  -o cmTC_c15b2 
make[1]: Leaving directory '/home/vcamp/Vectrocamp/vectorscan/build-avx512/CMakeFiles/CMakeTmp'


Source file was:
void *aa_test(void *x) { return __builtin_assume_aligned(x, 16);}
int main(void) { return 0; }
Performing C++ SOURCE FILE Test HAVE_CXX_BUILTIN_ASSUME_ALIGNED succeeded with the following output:
Change Dir: /home/vcamp/Vectrocamp/vectorscan/build-avx512/CMakeFiles/CMakeTmp

Run Build Command(s):/usr/bin/make cmTC_56df3/fast && /usr/bin/make -f CMakeFiles/cmTC_56df3.dir/build.make CMakeFiles/cmTC_56df3.dir/build
make[1]: Entering directory '/home/vcamp/Vectrocamp/vectorscan/build-avx512/CMakeFiles/CMakeTmp'
Building CXX object CMakeFiles/cmTC_56df3.dir/src.cxx.o
/usr/bin/g++-10    -DHAVE_CXX_BUILTIN_ASSUME_ALIGNED   -o CMakeFiles/cmTC_56df3.dir/src.cxx.o -c /home/vcamp/Vectrocamp/vectorscan/build-avx512/CMakeFiles/CMakeTmp/src.cxx
Linking CXX executable cmTC_56df3
/usr/bin/cmake -E cmake_link_script CMakeFiles/cmTC_56df3.dir/link.txt --verbose=1
/usr/bin/g++-10   -DHAVE_CXX_BUILTIN_ASSUME_ALIGNED    -rdynamic CMakeFiles/cmTC_56df3.dir/src.cxx.o  -o cmTC_56df3 
make[1]: Leaving directory '/home/vcamp/Vectrocamp/vectorscan/build-avx512/CMakeFiles/CMakeTmp'


Source file was:
void *aa_test(void *x) { return __builtin_assume_aligned(x, 16);}
int main(void) { return 0; }
Performing C SOURCE FILE Test HAVE__BUILTIN_CONSTANT_P succeeded with the following output:
Change Dir: /home/vcamp/Vectrocamp/vectorscan/build-avx512/CMakeFiles/CMakeTmp

Run Build Command(s):/usr/bin/make cmTC_28761/fast && /usr/bin/make -f CMakeFiles/cmTC_28761.dir/build.make CMakeFiles/cmTC_28761.dir/build
make[1]: Entering directory '/home/vcamp/Vectrocamp/vectorscan/build-avx512/CMakeFiles/CMakeTmp'
Building C object CMakeFiles/cmTC_28761.dir/src.c.o
/usr/bin/gcc-10   -DHAVE__BUILTIN_CONSTANT_P   -o CMakeFiles/cmTC_28761.dir/src.c.o   -c /home/vcamp/Vectrocamp/vectorscan/build-avx512/CMakeFiles/CMakeTmp/src.c
Linking C executable cmTC_28761
/usr/bin/cmake -E cmake_link_script CMakeFiles/cmTC_28761.dir/link.txt --verbose=1
/usr/bin/gcc-10  -DHAVE__BUILTIN_CONSTANT_P    -rdynamic CMakeFiles/cmTC_28761.dir/src.c.o  -o cmTC_28761 
make[1]: Leaving directory '/home/vcamp/Vectrocamp/vectorscan/build-avx512/CMakeFiles/CMakeTmp'


Source file was:
int main(void) { __builtin_constant_p(0); }
Performing C SOURCE FILE Test C_FLAG_Wvla succeeded with the following output:
Change Dir: /home/vcamp/Vectrocamp/vectorscan/build-avx512/CMakeFiles/CMakeTmp

Run Build Command(s):/usr/bin/make cmTC_cfd4c/fast && /usr/bin/make -f CMakeFiles/cmTC_cfd4c.dir/build.make CMakeFiles/cmTC_cfd4c.dir/build
make[1]: Entering directory '/home/vcamp/Vectrocamp/vectorscan/build-avx512/CMakeFiles/CMakeTmp'
Building C object CMakeFiles/cmTC_cfd4c.dir/src.c.o
/usr/bin/gcc-10   -DC_FLAG_Wvla   -Wvla -o CMakeFiles/cmTC_cfd4c.dir/src.c.o   -c /home/vcamp/Vectrocamp/vectorscan/build-avx512/CMakeFiles/CMakeTmp/src.c
Linking C executable cmTC_cfd4c
/usr/bin/cmake -E cmake_link_script CMakeFiles/cmTC_cfd4c.dir/link.txt --verbose=1
/usr/bin/gcc-10  -DC_FLAG_Wvla    -rdynamic CMakeFiles/cmTC_cfd4c.dir/src.c.o  -o cmTC_cfd4c 
make[1]: Leaving directory '/home/vcamp/Vectrocamp/vectorscan/build-avx512/CMakeFiles/CMakeTmp'


Source file was:
int main(void) { return 0; }
Performing C SOURCE FILE Test C_FLAG_Wpointer_arith succeeded with the following output:
Change Dir: /home/vcamp/Vectrocamp/vectorscan/build-avx512/CMakeFiles/CMakeTmp

Run Build Command(s):/usr/bin/make cmTC_c8ec1/fast && /usr/bin/make -f CMakeFiles/cmTC_c8ec1.dir/build.make CMakeFiles/cmTC_c8ec1.dir/build
make[1]: Entering directory '/home/vcamp/Vectrocamp/vectorscan/build-avx512/CMakeFiles/CMakeTmp'
Building C object CMakeFiles/cmTC_c8ec1.dir/src.c.o
/usr/bin/gcc-10   -DC_FLAG_Wpointer_arith   -Wpointer-arith -o CMakeFiles/cmTC_c8ec1.dir/src.c.o   -c /home/vcamp/Vectrocamp/vectorscan/build-avx512/CMakeFiles/CMakeTmp/src.c
Linking C executable cmTC_c8ec1
/usr/bin/cmake -E cmake_link_script CMakeFiles/cmTC_c8ec1.dir/link.txt --verbose=1
/usr/bin/gcc-10  -DC_FLAG_Wpointer_arith    -rdynamic CMakeFiles/cmTC_c8ec1.dir/src.c.o  -o cmTC_c8ec1 
make[1]: Leaving directory '/home/vcamp/Vectrocamp/vectorscan/build-avx512/CMakeFiles/CMakeTmp'


Source file was:
int main(void) { return 0; }
Performing C SOURCE FILE Test C_FLAG_Wstrict_prototypes succeeded with the following output:
Change Dir: /home/vcamp/Vectrocamp/vectorscan/build-avx512/CMakeFiles/CMakeTmp

Run Build Command(s):/usr/bin/make cmTC_9d120/fast && /usr/bin/make -f CMakeFiles/cmTC_9d120.dir/build.make CMakeFiles/cmTC_9d120.dir/build
make[1]: Entering directory '/home/vcamp/Vectrocamp/vectorscan/build-avx512/CMakeFiles/CMakeTmp'
Building C object CMakeFiles/cmTC_9d120.dir/src.c.o
/usr/bin/gcc-10   -DC_FLAG_Wstrict_prototypes   -Wstrict-prototypes -o CMakeFiles/cmTC_9d120.dir/src.c.o   -c /home/vcamp/Vectrocamp/vectorscan/build-avx512/CMakeFiles/CMakeTmp/src.c
Linking C executable cmTC_9d120
/usr/bin/cmake -E cmake_link_script CMakeFiles/cmTC_9d120.dir/link.txt --verbose=1
/usr/bin/gcc-10  -DC_FLAG_Wstrict_prototypes    -rdynamic CMakeFiles/cmTC_9d120.dir/src.c.o  -o cmTC_9d120 
make[1]: Leaving directory '/home/vcamp/Vectrocamp/vectorscan/build-avx512/CMakeFiles/CMakeTmp'


Source file was:
int main(void) { return 0; }
Performing C SOURCE FILE Test C_FLAG_Wmissing_prototypes succeeded with the following output:
Change Dir: /home/vcamp/Vectrocamp/vectorscan/build-avx512/CMakeFiles/CMakeTmp

Run Build Command(s):/usr/bin/make cmTC_fd1d1/fast && /usr/bin/make -f CMakeFiles/cmTC_fd1d1.dir/build.make CMakeFiles/cmTC_fd1d1.dir/build
make[1]: Entering directory '/home/vcamp/Vectrocamp/vectorscan/build-avx512/CMakeFiles/CMakeTmp'
Building C object CMakeFiles/cmTC_fd1d1.dir/src.c.o
/usr/bin/gcc-10   -DC_FLAG_Wmissing_prototypes   -Wmissing-prototypes -o CMakeFiles/cmTC_fd1d1.dir/src.c.o   -c /home/vcamp/Vectrocamp/vectorscan/build-avx512/CMakeFiles/CMakeTmp/src.c
Linking C executable cmTC_fd1d1
/usr/bin/cmake -E cmake_link_script CMakeFiles/cmTC_fd1d1.dir/link.txt --verbose=1
/usr/bin/gcc-10  -DC_FLAG_Wmissing_prototypes    -rdynamic CMakeFiles/cmTC_fd1d1.dir/src.c.o  -o cmTC_fd1d1 
make[1]: Leaving directory '/home/vcamp/Vectrocamp/vectorscan/build-avx512/CMakeFiles/CMakeTmp'


Source file was:
int main(void) { return 0; }
Performing C++ SOURCE FILE Test CXX_FLAG_Wvla succeeded with the following output:
Change Dir: /home/vcamp/Vectrocamp/vectorscan/build-avx512/CMakeFiles/CMakeTmp

Run Build Command(s):/usr/bin/make cmTC_6c36c/fast && /usr/bin/make -f CMakeFiles/cmTC_6c36c.dir/build.make CMakeFiles/cmTC_6c36c.dir/build
make[1]: Entering directory '/home/vcamp/Vectrocamp/vectorscan/build-avx512/CMakeFiles/CMakeTmp'
Building CXX object CMakeFiles/cmTC_6c36c.dir/src.cxx.o
/usr/bin/g++-10    -DCXX_FLAG_Wvla   -Wvla -o CMakeFiles/cmTC_6c36c.dir/src.cxx.o -c /home/vcamp/Vectrocamp/vectorscan/build-avx512/CMakeFiles/CMakeTmp/src.cxx
Linking CXX executable cmTC_6c36c
/usr/bin/cmake -E cmake_link_script CMakeFiles/cmTC_6c36c.dir/link.txt --verbose=1
/usr/bin/g++-10   -DCXX_FLAG_Wvla    -rdynamic CMakeFiles/cmTC_6c36c.dir/src.cxx.o  -o cmTC_6c36c 
make[1]: Leaving directory '/home/vcamp/Vectrocamp/vectorscan/build-avx512/CMakeFiles/CMakeTmp'


Source file was:
int main() { return 0; }
Performing C++ SOURCE FILE Test CXX_FLAG_Wpointer_arith succeeded with the following output:
Change Dir: /home/vcamp/Vectrocamp/vectorscan/build-avx512/CMakeFiles/CMakeTmp

Run Build Command(s):/usr/bin/make cmTC_be0a6/fast && /usr/bin/make -f CMakeFiles/cmTC_be0a6.dir/build.make CMakeFiles/cmTC_be0a6.dir/build
make[1]: Entering directory '/home/vcamp/Vectrocamp/vectorscan/build-avx512/CMakeFiles/CMakeTmp'
Building CXX object CMakeFiles/cmTC_be0a6.dir/src.cxx.o
/usr/bin/g++-10    -DCXX_FLAG_Wpointer_arith   -Wpointer-arith -o CMakeFiles/cmTC_be0a6.dir/src.cxx.o -c /home/vcamp/Vectrocamp/vectorscan/build-avx512/CMakeFiles/CMakeTmp/src.cxx
Linking CXX executable cmTC_be0a6
/usr/bin/cmake -E cmake_link_script CMakeFiles/cmTC_be0a6.dir/link.txt --verbose=1
/usr/bin/g++-10   -DCXX_FLAG_Wpointer_arith    -rdynamic CMakeFiles/cmTC_be0a6.dir/src.cxx.o  -o cmTC_be0a6 
make[1]: Leaving directory '/home/vcamp/Vectrocamp/vectorscan/build-avx512/CMakeFiles/CMakeTmp'


Source file was:
int main() { return 0; }
Performing C++ SOURCE FILE Test CXX_UNUSED_CONST_VAR succeeded with the following output:
Change Dir: /home/vcamp/Vectrocamp/vectorscan/build-avx512/CMakeFiles/CMakeTmp

Run Build Command(s):/usr/bin/make cmTC_ac3d2/fast && /usr/bin/make -f CMakeFiles/cmTC_ac3d2.dir/build.make CMakeFiles/cmTC_ac3d2.dir/build
make[1]: Entering directory '/home/vcamp/Vectrocamp/vectorscan/build-avx512/CMakeFiles/CMakeTmp'
Building CXX object CMakeFiles/cmTC_ac3d2.dir/src.cxx.o
/usr/bin/g++-10    -DCXX_UNUSED_CONST_VAR   -Wunused-const-variable -o CMakeFiles/cmTC_ac3d2.dir/src.cxx.o -c /home/vcamp/Vectrocamp/vectorscan/build-avx512/CMakeFiles/CMakeTmp/src.cxx
Linking CXX executable cmTC_ac3d2
/usr/bin/cmake -E cmake_link_script CMakeFiles/cmTC_ac3d2.dir/link.txt --verbose=1
/usr/bin/g++-10   -DCXX_UNUSED_CONST_VAR    -rdynamic CMakeFiles/cmTC_ac3d2.dir/src.cxx.o  -o cmTC_ac3d2 
make[1]: Leaving directory '/home/vcamp/Vectrocamp/vectorscan/build-avx512/CMakeFiles/CMakeTmp'


Source file was:
int main() { return 0; }
Performing C++ SOURCE FILE Test CXX_IGNORED_ATTR succeeded with the following output:
Change Dir: /home/vcamp/Vectrocamp/vectorscan/build-avx512/CMakeFiles/CMakeTmp

Run Build Command(s):/usr/bin/make cmTC_d3cb1/fast && /usr/bin/make -f CMakeFiles/cmTC_d3cb1.dir/build.make CMakeFiles/cmTC_d3cb1.dir/build
make[1]: Entering directory '/home/vcamp/Vectrocamp/vectorscan/build-avx512/CMakeFiles/CMakeTmp'
Building CXX object CMakeFiles/cmTC_d3cb1.dir/src.cxx.o
/usr/bin/g++-10    -DCXX_IGNORED_ATTR   -Wignored-attributes -o CMakeFiles/cmTC_d3cb1.dir/src.cxx.o -c /home/vcamp/Vectrocamp/vectorscan/build-avx512/CMakeFiles/CMakeTmp/src.cxx
Linking CXX executable cmTC_d3cb1
/usr/bin/cmake -E cmake_link_script CMakeFiles/cmTC_d3cb1.dir/link.txt --verbose=1
/usr/bin/g++-10   -DCXX_IGNORED_ATTR    -rdynamic CMakeFiles/cmTC_d3cb1.dir/src.cxx.o  -o cmTC_d3cb1 
make[1]: Leaving directory '/home/vcamp/Vectrocamp/vectorscan/build-avx512/CMakeFiles/CMakeTmp'


Source file was:
int main() { return 0; }
Performing C++ SOURCE FILE Test CXX_REDUNDANT_MOVE succeeded with the following output:
Change Dir: /home/vcamp/Vectrocamp/vectorscan/build-avx512/CMakeFiles/CMakeTmp

Run Build Command(s):/usr/bin/make cmTC_38f25/fast && /usr/bin/make -f CMakeFiles/cmTC_38f25.dir/build.make CMakeFiles/cmTC_38f25.dir/build
make[1]: Entering directory '/home/vcamp/Vectrocamp/vectorscan/build-avx512/CMakeFiles/CMakeTmp'
Building CXX object CMakeFiles/cmTC_38f25.dir/src.cxx.o
/usr/bin/g++-10    -DCXX_REDUNDANT_MOVE   -Wredundant-move -o CMakeFiles/cmTC_38f25.dir/src.cxx.o -c /home/vcamp/Vectrocamp/vectorscan/build-avx512/CMakeFiles/CMakeTmp/src.cxx
Linking CXX executable cmTC_38f25
/usr/bin/cmake -E cmake_link_script CMakeFiles/cmTC_38f25.dir/link.txt --verbose=1
/usr/bin/g++-10   -DCXX_REDUNDANT_MOVE    -rdynamic CMakeFiles/cmTC_38f25.dir/src.cxx.o  -o cmTC_38f25 
make[1]: Leaving directory '/home/vcamp/Vectrocamp/vectorscan/build-avx512/CMakeFiles/CMakeTmp'


Source file was:
int main() { return 0; }
Performing C++ SOURCE FILE Test CXX_MISSING_DECLARATIONS succeeded with the following output:
Change Dir: /home/vcamp/Vectrocamp/vectorscan/build-avx512/CMakeFiles/CMakeTmp

Run Build Command(s):/usr/bin/make cmTC_c295d/fast && /usr/bin/make -f CMakeFiles/cmTC_c295d.dir/build.make CMakeFiles/cmTC_c295d.dir/build
make[1]: Entering directory '/home/vcamp/Vectrocamp/vectorscan/build-avx512/CMakeFiles/CMakeTmp'
Building CXX object CMakeFiles/cmTC_c295d.dir/src.cxx.o
/usr/bin/g++-10    -DCXX_MISSING_DECLARATIONS   -Wmissing-declarations -o CMakeFiles/cmTC_c295d.dir/src.cxx.o -c /home/vcamp/Vectrocamp/vectorscan/build-avx512/CMakeFiles/CMakeTmp/src.cxx
Linking CXX executable cmTC_c295d
/usr/bin/cmake -E cmake_link_script CMakeFiles/cmTC_c295d.dir/link.txt --verbose=1
/usr/bin/g++-10   -DCXX_MISSING_DECLARATIONS    -rdynamic CMakeFiles/cmTC_c295d.dir/src.cxx.o  -o cmTC_c295d 
make[1]: Leaving directory '/home/vcamp/Vectrocamp/vectorscan/build-avx512/CMakeFiles/CMakeTmp'


Source file was:
int main() { return 0; }
Performing C++ SOURCE FILE Test CXX_UNUSED_LOCAL_TYPEDEFS succeeded with the following output:
Change Dir: /home/vcamp/Vectrocamp/vectorscan/build-avx512/CMakeFiles/CMakeTmp

Run Build Command(s):/usr/bin/make cmTC_10108/fast && /usr/bin/make -f CMakeFiles/cmTC_10108.dir/build.make CMakeFiles/cmTC_10108.dir/build
make[1]: Entering directory '/home/vcamp/Vectrocamp/vectorscan/build-avx512/CMakeFiles/CMakeTmp'
Building CXX object CMakeFiles/cmTC_10108.dir/src.cxx.o
/usr/bin/g++-10    -DCXX_UNUSED_LOCAL_TYPEDEFS   -Wunused-local-typedefs -o CMakeFiles/cmTC_10108.dir/src.cxx.o -c /home/vcamp/Vectrocamp/vectorscan/build-avx512/CMakeFiles/CMakeTmp/src.cxx
Linking CXX executable cmTC_10108
/usr/bin/cmake -E cmake_link_script CMakeFiles/cmTC_10108.dir/link.txt --verbose=1
/usr/bin/g++-10   -DCXX_UNUSED_LOCAL_TYPEDEFS    -rdynamic CMakeFiles/cmTC_10108.dir/src.cxx.o  -o cmTC_10108 
make[1]: Leaving directory '/home/vcamp/Vectrocamp/vectorscan/build-avx512/CMakeFiles/CMakeTmp'


Source file was:
int main() { return 0; }
Performing C++ SOURCE FILE Test CXX_WUNUSED_VARIABLE succeeded with the following output:
Change Dir: /home/vcamp/Vectrocamp/vectorscan/build-avx512/CMakeFiles/CMakeTmp

Run Build Command(s):/usr/bin/make cmTC_1a983/fast && /usr/bin/make -f CMakeFiles/cmTC_1a983.dir/build.make CMakeFiles/cmTC_1a983.dir/build
make[1]: Entering directory '/home/vcamp/Vectrocamp/vectorscan/build-avx512/CMakeFiles/CMakeTmp'
Building CXX object CMakeFiles/cmTC_1a983.dir/src.cxx.o
/usr/bin/g++-10    -DCXX_WUNUSED_VARIABLE   -Wunused-variable -o CMakeFiles/cmTC_1a983.dir/src.cxx.o -c /home/vcamp/Vectrocamp/vectorscan/build-avx512/CMakeFiles/CMakeTmp/src.cxx
Linking CXX executable cmTC_1a983
/usr/bin/cmake -E cmake_link_script CMakeFiles/cmTC_1a983.dir/link.txt --verbose=1
/usr/bin/g++-10   -DCXX_WUNUSED_VARIABLE    -rdynamic CMakeFiles/cmTC_1a983.dir/src.cxx.o  -o cmTC_1a983 
make[1]: Leaving directory '/home/vcamp/Vectrocamp/vectorscan/build-avx512/CMakeFiles/CMakeTmp'


Source file was:
int main() { return 0; }
Performing C SOURCE FILE Test CC_STRINGOP_OVERFLOW succeeded with the following output:
Change Dir: /home/vcamp/Vectrocamp/vectorscan/build-avx512/CMakeFiles/CMakeTmp

Run Build Command(s):/usr/bin/make cmTC_96354/fast && /usr/bin/make -f CMakeFiles/cmTC_96354.dir/build.make CMakeFiles/cmTC_96354.dir/build
make[1]: Entering directory '/home/vcamp/Vectrocamp/vectorscan/build-avx512/CMakeFiles/CMakeTmp'
Building C object CMakeFiles/cmTC_96354.dir/src.c.o
/usr/bin/gcc-10   -DCC_STRINGOP_OVERFLOW   -Wstringop-overflow -o CMakeFiles/cmTC_96354.dir/src.c.o   -c /home/vcamp/Vectrocamp/vectorscan/build-avx512/CMakeFiles/CMakeTmp/src.c
Linking C executable cmTC_96354
/usr/bin/cmake -E cmake_link_script CMakeFiles/cmTC_96354.dir/link.txt --verbose=1
/usr/bin/gcc-10  -DCC_STRINGOP_OVERFLOW    -rdynamic CMakeFiles/cmTC_96354.dir/src.c.o  -o cmTC_96354 
make[1]: Leaving directory '/home/vcamp/Vectrocamp/vectorscan/build-avx512/CMakeFiles/CMakeTmp'


Source file was:
int main(void) { return 0; }
Determining if the function mmap exists passed with the following output:
Change Dir: /home/vcamp/Vectrocamp/vectorscan/build-avx512/CMakeFiles/CMakeTmp

Run Build Command(s):/usr/bin/make cmTC_67fab/fast && /usr/bin/make -f CMakeFiles/cmTC_67fab.dir/build.make CMakeFiles/cmTC_67fab.dir/build
make[1]: Entering directory '/home/vcamp/Vectrocamp/vectorscan/build-avx512/CMakeFiles/CMakeTmp'
Building C object CMakeFiles/cmTC_67fab.dir/CheckFunctionExists.c.o
/usr/bin/gcc-10   -march=tigerlake -mtune=tigerlake -DCHECK_FUNCTION_EXISTS=mmap   -o CMakeFiles/cmTC_67fab.dir/CheckFunctionExists.c.o   -c /usr/share/cmake-3.16/Modules/CheckFunctionExists.c
Linking C executable cmTC_67fab
/usr/bin/cmake -E cmake_link_script CMakeFiles/cmTC_67fab.dir/link.txt --verbose=1
/usr/bin/gcc-10  -march=tigerlake -mtune=tigerlake -DCHECK_FUNCTION_EXISTS=mmap    -rdynamic CMakeFiles/cmTC_67fab.dir/CheckFunctionExists.c.o  -o cmTC_67fab 
make[1]: Leaving directory '/home/vcamp/Vectrocamp/vectorscan/build-avx512/CMakeFiles/CMakeTmp'



Determining if the include file pthread.h exists passed with the following output:
Change Dir: /home/vcamp/Vectrocamp/vectorscan/build-avx512/CMakeFiles/CMakeTmp

Run Build Command(s):/usr/bin/make cmTC_85792/fast && /usr/bin/make -f CMakeFiles/cmTC_85792.dir/build.make CMakeFiles/cmTC_85792.dir/build
make[1]: Entering directory '/home/vcamp/Vectrocamp/vectorscan/build-avx512/CMakeFiles/CMakeTmp'
Building C object CMakeFiles/cmTC_85792.dir/CheckIncludeFile.c.o
/usr/bin/gcc-10   -march=tigerlake -mtune=tigerlake    -o CMakeFiles/cmTC_85792.dir/CheckIncludeFile.c.o   -c /home/vcamp/Vectrocamp/vectorscan/build-avx512/CMakeFiles/CMakeTmp/CheckIncludeFile.c
Linking C executable cmTC_85792
/usr/bin/cmake -E cmake_link_script CMakeFiles/cmTC_85792.dir/link.txt --verbose=1
/usr/bin/gcc-10  -march=tigerlake -mtune=tigerlake     -rdynamic CMakeFiles/cmTC_85792.dir/CheckIncludeFile.c.o  -o cmTC_85792 
make[1]: Leaving directory '/home/vcamp/Vectrocamp/vectorscan/build-avx512/CMakeFiles/CMakeTmp'



Determining if the function pthread_create exists in the pthread passed with the following output:
Change Dir: /home/vcamp/Vectrocamp/vectorscan/build-avx512/CMakeFiles/CMakeTmp

Run Build Command(s):/usr/bin/make cmTC_cad94/fast && /usr/bin/make -f CMakeFiles/cmTC_cad94.dir/build.make CMakeFiles/cmTC_cad94.dir/build
make[1]: Entering directory '/home/vcamp/Vectrocamp/vectorscan/build-avx512/CMakeFiles/CMakeTmp'
Building C object CMakeFiles/cmTC_cad94.dir/CheckFunctionExists.c.o
/usr/bin/gcc-10   -march=tigerlake -mtune=tigerlake -DCHECK_FUNCTION_EXISTS=pthread_create   -o CMakeFiles/cmTC_cad94.dir/CheckFunctionExists.c.o   -c /usr/share/cmake-3.16/Modules/CheckFunctionExists.c
Linking C executable cmTC_cad94
/usr/bin/cmake -E cmake_link_script CMakeFiles/cmTC_cad94.dir/link.txt --verbose=1
/usr/bin/gcc-10  -march=tigerlake -mtune=tigerlake -DCHECK_FUNCTION_EXISTS=pthread_create    -rdynamic CMakeFiles/cmTC_cad94.dir/CheckFunctionExists.c.o  -o cmTC_cad94  -lpthread 
make[1]: Leaving directory '/home/vcamp/Vectrocamp/vectorscan/build-avx512/CMakeFiles/CMakeTmp'



Performing C SOURCE FILE Test SQLITE_VERSION_OK succeeded with the following output:
Change Dir: /home/vcamp/Vectrocamp/vectorscan/build-avx512/CMakeFiles/CMakeTmp

Run Build Command(s):/usr/bin/make cmTC_1bf0e/fast && /usr/bin/make -f CMakeFiles/cmTC_1bf0e.dir/build.make CMakeFiles/cmTC_1bf0e.dir/build
make[1]: Entering directory '/home/vcamp/Vectrocamp/vectorscan/build-avx512/CMakeFiles/CMakeTmp'
Building C object CMakeFiles/cmTC_1bf0e.dir/src.c.o
/usr/bin/gcc-10   -march=tigerlake -mtune=tigerlake -DSQLITE_VERSION_OK   -o CMakeFiles/cmTC_1bf0e.dir/src.c.o   -c /home/vcamp/Vectrocamp/vectorscan/build-avx512/CMakeFiles/CMakeTmp/src.c
Linking C executable cmTC_1bf0e
/usr/bin/cmake -E cmake_link_script CMakeFiles/cmTC_1bf0e.dir/link.txt --verbose=1
/usr/bin/gcc-10  -march=tigerlake -mtune=tigerlake -DSQLITE_VERSION_OK    -rdynamic CMakeFiles/cmTC_1bf0e.dir/src.c.o  -o cmTC_1bf0e 
make[1]: Leaving directory '/home/vcamp/Vectrocamp/vectorscan/build-avx512/CMakeFiles/CMakeTmp'


Source file was:
#include <sqlite3.h>
#if SQLITE_VERSION_NUMBER >= 3008007 && SQLITE_VERSION_NUMBER < 3008010
#error broken sqlite
#endif
int main() {return 0;}
Determining if the sqlite3_open_v2 exist passed with the following output:
Change Dir: /home/vcamp/Vectrocamp/vectorscan/build-avx512/CMakeFiles/CMakeTmp

Run Build Command(s):/usr/bin/make cmTC_2f85c/fast && /usr/bin/make -f CMakeFiles/cmTC_2f85c.dir/build.make CMakeFiles/cmTC_2f85c.dir/build
make[1]: Entering directory '/home/vcamp/Vectrocamp/vectorscan/build-avx512/CMakeFiles/CMakeTmp'
Building C object CMakeFiles/cmTC_2f85c.dir/CheckSymbolExists.c.o
/usr/bin/gcc-10   -march=tigerlake -mtune=tigerlake    -o CMakeFiles/cmTC_2f85c.dir/CheckSymbolExists.c.o   -c /home/vcamp/Vectrocamp/vectorscan/build-avx512/CMakeFiles/CMakeTmp/CheckSymbolExists.c
Linking C executable cmTC_2f85c
/usr/bin/cmake -E cmake_link_script CMakeFiles/cmTC_2f85c.dir/link.txt --verbose=1
/usr/bin/gcc-10  -march=tigerlake -mtune=tigerlake     -rdynamic CMakeFiles/cmTC_2f85c.dir/CheckSymbolExists.c.o  -o cmTC_2f85c  -lsqlite3 
make[1]: Leaving directory '/home/vcamp/Vectrocamp/vectorscan/build-avx512/CMakeFiles/CMakeTmp'


File /home/vcamp/Vectrocamp/vectorscan/build-avx512/CMakeFiles/CMakeTmp/CheckSymbolExists.c:
/* */
#include <sqlite3.h>

int main(int argc, char** argv)
{
  (void)argv;
#ifndef sqlite3_open_v2
  return ((int*)(&sqlite3_open_v2))[argc];
#else
  (void)argc;
  return 0;
#endif
}
Determining if the pthread_setaffinity_np exist passed with the following output:
Change Dir: /home/vcamp/Vectrocamp/vectorscan/build-avx512/CMakeFiles/CMakeTmp

Run Build Command(s):/usr/bin/make cmTC_76006/fast && /usr/bin/make -f CMakeFiles/cmTC_76006.dir/build.make CMakeFiles/cmTC_76006.dir/build
make[1]: Entering directory '/home/vcamp/Vectrocamp/vectorscan/build-avx512/CMakeFiles/CMakeTmp'
Building CXX object CMakeFiles/cmTC_76006.dir/CheckSymbolExists.cxx.o
/usr/bin/g++-10    -march=tigerlake -mtune=tigerlake  -D_GNU_SOURCE   -o CMakeFiles/cmTC_76006.dir/CheckSymbolExists.cxx.o -c /home/vcamp/Vectrocamp/vectorscan/build-avx512/CMakeFiles/CMakeTmp/CheckSymbolExists.cxx
Linking CXX executable cmTC_76006
/usr/bin/cmake -E cmake_link_script CMakeFiles/cmTC_76006.dir/link.txt --verbose=1
/usr/bin/g++-10   -march=tigerlake -mtune=tigerlake  -D_GNU_SOURCE    -rdynamic CMakeFiles/cmTC_76006.dir/CheckSymbolExists.cxx.o  -o cmTC_76006  -lpthread 
make[1]: Leaving directory '/home/vcamp/Vectrocamp/vectorscan/build-avx512/CMakeFiles/CMakeTmp'


File /home/vcamp/Vectrocamp/vectorscan/build-avx512/CMakeFiles/CMakeTmp/CheckSymbolExists.cxx:
/* */
#include <pthread.h>

int main(int argc, char** argv)
{
  (void)argv;
#ifndef pthread_setaffinity_np
  return ((int*)(&pthread_setaffinity_np))[argc];
#else
  (void)argc;
  return 0;
#endif
}
Determining if the function malloc_info exists passed with the following output:
Change Dir: /home/vcamp/Vectrocamp/vectorscan/build-avx512/CMakeFiles/CMakeTmp

Run Build Command(s):/usr/bin/make cmTC_f3fb2/fast && /usr/bin/make -f CMakeFiles/cmTC_f3fb2.dir/build.make CMakeFiles/cmTC_f3fb2.dir/build
make[1]: Entering directory '/home/vcamp/Vectrocamp/vectorscan/build-avx512/CMakeFiles/CMakeTmp'
Building C object CMakeFiles/cmTC_f3fb2.dir/CheckFunctionExists.c.o
/usr/bin/gcc-10   -march=tigerlake -mtune=tigerlake -DCHECK_FUNCTION_EXISTS=malloc_info  -D_GNU_SOURCE   -o CMakeFiles/cmTC_f3fb2.dir/CheckFunctionExists.c.o   -c /usr/share/cmake-3.16/Modules/CheckFunctionExists.c
Linking C executable cmTC_f3fb2
/usr/bin/cmake -E cmake_link_script CMakeFiles/cmTC_f3fb2.dir/link.txt --verbose=1
/usr/bin/gcc-10  -march=tigerlake -mtune=tigerlake -DCHECK_FUNCTION_EXISTS=malloc_info  -D_GNU_SOURCE    -rdynamic CMakeFiles/cmTC_f3fb2.dir/CheckFunctionExists.c.o  -o cmTC_f3fb2  -lpthread 
make[1]: Leaving directory '/home/vcamp/Vectrocamp/vectorscan/build-avx512/CMakeFiles/CMakeTmp'



Determining if the function shmget exists passed with the following output:
Change Dir: /home/vcamp/Vectrocamp/vectorscan/build-avx512/CMakeFiles/CMakeTmp

Run Build Command(s):/usr/bin/make cmTC_b3325/fast && /usr/bin/make -f CMakeFiles/cmTC_b3325.dir/build.make CMakeFiles/cmTC_b3325.dir/build
make[1]: Entering directory '/home/vcamp/Vectrocamp/vectorscan/build-avx512/CMakeFiles/CMakeTmp'
Building C object CMakeFiles/cmTC_b3325.dir/CheckFunctionExists.c.o
/usr/bin/gcc-10   -march=tigerlake -mtune=tigerlake -DCHECK_FUNCTION_EXISTS=shmget  -D_GNU_SOURCE   -o CMakeFiles/cmTC_b3325.dir/CheckFunctionExists.c.o   -c /usr/share/cmake-3.16/Modules/CheckFunctionExists.c
Linking C executable cmTC_b3325
/usr/bin/cmake -E cmake_link_script CMakeFiles/cmTC_b3325.dir/link.txt --verbose=1
/usr/bin/gcc-10  -march=tigerlake -mtune=tigerlake -DCHECK_FUNCTION_EXISTS=shmget  -D_GNU_SOURCE    -rdynamic CMakeFiles/cmTC_b3325.dir/CheckFunctionExists.c.o  -o cmTC_b3325  -lpthread 
make[1]: Leaving directory '/home/vcamp/Vectrocamp/vectorscan/build-avx512/CMakeFiles/CMakeTmp'



